<?xml version="1.0" encoding="UTF-8"?>
<!-- Generated by org.testng.reporters.JUnitReportReporter -->
<testsuite hostname="Gauravs-MBP" failures="0" tests="5" name="com.gaurav.testCases.FlightHomePageTest" time="24.416" errors="0" timestamp="2021-07-15T10:36:57 IST" skipped="0">
  <testcase classname="com.gaurav.testCases.FlightHomePageTest" name="launchFlightBookingSite" time="9.442"/>
  <system-out/>
  <testcase classname="com.gaurav.testCases.FlightHomePageTest" name="selectRoundTrip" time="1.343"/>
  <system-out/>
  <testcase classname="com.gaurav.testCases.FlightHomePageTest" name="selectDestinations" time="2.123"/>
  <system-out/>
  <testcase classname="com.gaurav.testCases.FlightHomePageTest" name="selectDepartureDates" time="0.525"/>
  <system-out/>
  <testcase classname="com.gaurav.testCases.FlightHomePageTest" name="selectSearchButton" time="10.983"/>
  <system-out/>
</testsuite> <!-- com.gaurav.testCases.FlightHomePageTest -->
