<?xml version="1.0" encoding="UTF-8"?>
<!-- Generated by org.testng.reporters.JUnitReportReporter -->
<testsuite hostname="Gauravs-MBP" failures="0" tests="5" name="com.gaurav.testCases.SearchResultSelectionTest" time="47.441" errors="2" timestamp="2021-07-15T10:36:57 IST" skipped="1">
  <testcase classname="com.gaurav.testCases.SearchResultSelectionTest" name="closeSession" time="3.088">
    <error type="java.lang.StackOverflowError">
      <![CDATA[java.lang.StackOverflowError
at org.openqa.selenium.support.events.EventFiringWebDriver.lambda$new$0(EventFiringWebDriver.java:83)
at jdk.proxy2/jdk.proxy2.$Proxy7.beforeGetScreenshotAs(Unknown Source)
at org.openqa.selenium.support.events.EventFiringWebDriver.getScreenshotAs(EventFiringWebDriver.java:301)
at com.gaurav.CommonUtils.TestUtils.takeScreenShot(TestUtils.java:58)
at com.gaurav.CommonUtils.WebEventListener.onException(WebEventListener.java:148)
at jdk.internal.reflect.GeneratedMethodAccessor5.invoke(Unknown Source)
at java.base/jdk.internal.reflect.DelegatingMethodAccessorImpl.invoke(DelegatingMethodAccessorImpl.java:43)
at java.base/java.lang.reflect.Method.invoke(Method.java:567)
at org.openqa.selenium.support.events.EventFiringWebDriver.lambda$new$0(EventFiringWebDriver.java:84)
at jdk.proxy2/jdk.proxy2.$Proxy7.onException(Unknown Source)
at org.openqa.selenium.support.events.EventFiringWebDriver.lambda$new$1(EventFiringWebDriver.java:107)
at jdk.proxy2/jdk.proxy2.$Proxy8.getScreenshotAs(Unknown Source)
at org.openqa.selenium.support.events.EventFiringWebDriver.getScreenshotAs(EventFiringWebDriver.java:302)
at com.gaurav.CommonUtils.TestUtils.takeScreenShot(TestUtils.java:58)
at com.gaurav.CommonUtils.WebEventListener.onException(WebEventListener.java:148)
at jdk.internal.reflect.GeneratedMethodAccessor5.invoke(Unknown Source)
at java.base/jdk.internal.reflect.DelegatingMethodAccessorImpl.invoke(DelegatingMethodAccessorImpl.java:43)
at java.base/java.lang.reflect.Method.invoke(Method.java:567)
at org.openqa.selenium.support.events.EventFiringWebDriver.lambda$new$0(EventFiringWebDriver.java:84)
at jdk.proxy2/jdk.proxy2.$Proxy7.onException(Unknown Source)
at org.openqa.selenium.support.events.EventFiringWebDriver.lambda$new$1(EventFiringWebDriver.java:107)
at jdk.proxy2/jdk.proxy2.$Proxy8.getScreenshotAs(Unknown Source)
at org.openqa.selenium.support.events.EventFiringWebDriver.getScreenshotAs(EventFiringWebDriver.java:302)
at com.gaurav.CommonUtils.TestUtils.takeScreenShot(TestUtils.java:58)
at com.gaurav.CommonUtils.WebEventListener.onException(WebEventListener.java:148)
at jdk.internal.reflect.GeneratedMethodAccessor5.invoke(Unknown Source)
at java.base/jdk.internal.reflect.DelegatingMethodAccessorImpl.invoke(DelegatingMethodAccessorImpl.java:43)
at java.base/java.lang.reflect.Method.invoke(Method.java:567)
at org.openqa.selenium.support.events.EventFiringWebDriver.lambda$new$0(EventFiringWebDriver.java:84)
at jdk.proxy2/jdk.proxy2.$Proxy7.onException(Unknown Source)
at org.openqa.selenium.support.events.EventFiringWebDriver.lambda$new$1(EventFiringWebDriver.java:107)
at jdk.proxy2/jdk.proxy2.$Proxy8.getScreenshotAs(Unknown Source)
at org.openqa.selenium.support.events.EventFiringWebDriver.getScreenshotAs(EventFiringWebDriver.java:302)
at com.gaurav.CommonUtils.TestUtils.takeScreenShot(TestUtils.java:58)
at com.gaurav.CommonUtils.WebEventListener.onException(WebEventListener.java:148)
at jdk.internal.reflect.GeneratedMethodAccessor5.invoke(Unknown Source)
at java.base/jdk.internal.reflect.DelegatingMethodAccessorImpl.invoke(DelegatingMethodAccessorImpl.java:43)
at java.base/java.lang.reflect.Method.invoke(Method.java:567)
at org.openqa.selenium.support.events.EventFiringWebDriver.lambda$new$0(EventFiringWebDriver.java:84)
at jdk.proxy2/jdk.proxy2.$Proxy7.onException(Unknown Source)
at org.openqa.selenium.support.events.EventFiringWebDriver.lambda$new$1(EventFiringWebDriver.java:107)
at jdk.proxy2/jdk.proxy2.$Proxy8.getScreenshotAs(Unknown Source)
at org.openqa.selenium.support.events.EventFiringWebDriver.getScreenshotAs(EventFiringWebDriver.java:302)
at com.gaurav.CommonUtils.TestUtils.takeScreenShot(TestUtils.java:58)
at com.gaurav.CommonUtils.WebEventListener.onException(WebEventListener.java:148)
at jdk.internal.reflect.GeneratedMethodAccessor5.invoke(Unknown Source)
at java.base/jdk.internal.reflect.DelegatingMethodAccessorImpl.invoke(DelegatingMethodAccessorImpl.java:43)
at java.base/java.lang.reflect.Method.invoke(Method.java:567)
at org.openqa.selenium.support.events.EventFiringWebDriver.lambda$new$0(EventFiringWebDriver.java:84)
at jdk.proxy2/jdk.proxy2.$Proxy7.onException(Unknown Source)
at org.openqa.selenium.support.events.EventFiringWebDriver.lambda$new$1(EventFiringWebDriver.java:107)
at jdk.proxy2/jdk.proxy2.$Proxy8.getScreenshotAs(Unknown Source)
at org.openqa.selenium.support.events.EventFiringWebDriver.getScreenshotAs(EventFiringWebDriver.java:302)
at com.gaurav.CommonUtils.TestUtils.takeScreenShot(TestUtils.java:58)
at com.gaurav.CommonUtils.WebEventListener.onException(WebEventListener.java:148)
at jdk.internal.reflect.GeneratedMethodAccessor5.invoke(Unknown Source)
at java.base/jdk.internal.reflect.DelegatingMethodAccessorImpl.invoke(DelegatingMethodAccessorImpl.java:43)
at java.base/java.lang.reflect.Method.invoke(Method.java:567)
at org.openqa.selenium.support.events.EventFiringWebDriver.lambda$new$0(EventFiringWebDriver.java:84)
at jdk.proxy2/jdk.proxy2.$Proxy7.onException(Unknown Source)
at org.openqa.selenium.support.events.EventFiringWebDriver.lambda$new$1(EventFiringWebDriver.java:107)
at jdk.proxy2/jdk.proxy2.$Proxy8.getScreenshotAs(Unknown Source)
at org.openqa.selenium.support.events.EventFiringWebDriver.getScreenshotAs(EventFiringWebDriver.java:302)
at com.gaurav.CommonUtils.TestUtils.takeScreenShot(TestUtils.java:58)
at com.gaurav.CommonUtils.WebEventListener.onException(WebEventListener.java:148)
at jdk.internal.reflect.GeneratedMethodAccessor5.invoke(Unknown Source)
at java.base/jdk.internal.reflect.DelegatingMethodAccessorImpl.invoke(DelegatingMethodAccessorImpl.java:43)
at java.base/java.lang.reflect.Method.invoke(Method.java:567)
at org.openqa.selenium.support.events.EventFiringWebDriver.lambda$new$0(EventFiringWebDriver.java:84)
at jdk.proxy2/jdk.proxy2.$Proxy7.onException(Unknown Source)
at org.openqa.selenium.support.events.EventFiringWebDriver.lambda$new$1(EventFiringWebDriver.java:107)
at jdk.proxy2/jdk.proxy2.$Proxy8.getScreenshotAs(Unknown Source)
at org.openqa.selenium.support.events.EventFiringWebDriver.getScreenshotAs(EventFiringWebDriver.java:302)
at com.gaurav.CommonUtils.TestUtils.takeScreenShot(TestUtils.java:58)
at com.gaurav.CommonUtils.WebEventListener.onException(WebEventListener.java:148)
at jdk.internal.reflect.GeneratedMethodAccessor5.invoke(Unknown Source)
at java.base/jdk.internal.reflect.DelegatingMethodAccessorImpl.invoke(DelegatingMethodAccessorImpl.java:43)
at java.base/java.lang.reflect.Method.invoke(Method.java:567)
at org.openqa.selenium.support.events.EventFiringWebDriver.lambda$new$0(EventFiringWebDriver.java:84)
at jdk.proxy2/jdk.proxy2.$Proxy7.onException(Unknown Source)
at org.openqa.selenium.support.events.EventFiringWebDriver.lambda$new$1(EventFiringWebDriver.java:107)
at jdk.proxy2/jdk.proxy2.$Proxy8.getScreenshotAs(Unknown Source)
at org.openqa.selenium.support.events.EventFiringWebDriver.getScreenshotAs(EventFiringWebDriver.java:302)
at com.gaurav.CommonUtils.TestUtils.takeScreenShot(TestUtils.java:58)
at com.gaurav.CommonUtils.WebEventListener.onException(WebEventListener.java:148)
at jdk.internal.reflect.GeneratedMethodAccessor5.invoke(Unknown Source)
at java.base/jdk.internal.reflect.DelegatingMethodAccessorImpl.invoke(DelegatingMethodAccessorImpl.java:43)
at java.base/java.lang.reflect.Method.invoke(Method.java:567)
at org.openqa.selenium.support.events.EventFiringWebDriver.lambda$new$0(EventFiringWebDriver.java:84)
at jdk.proxy2/jdk.proxy2.$Proxy7.onException(Unknown Source)
at org.openqa.selenium.support.events.EventFiringWebDriver.lambda$new$1(EventFiringWebDriver.java:107)
at jdk.proxy2/jdk.proxy2.$Proxy8.getScreenshotAs(Unknown Source)
at org.openqa.selenium.support.events.EventFiringWebDriver.getScreenshotAs(EventFiringWebDriver.java:302)
at com.gaurav.CommonUtils.TestUtils.takeScreenShot(TestUtils.java:58)
at com.gaurav.CommonUtils.WebEventListener.onException(WebEventListener.java:148)
at jdk.internal.reflect.GeneratedMethodAccessor5.invoke(Unknown Source)
at java.base/jdk.internal.reflect.DelegatingMethodAccessorImpl.invoke(DelegatingMethodAccessorImpl.java:43)
at java.base/java.lang.reflect.Method.invoke(Method.java:567)
at org.openqa.selenium.support.events.EventFiringWebDriver.lambda$new$0(EventFiringWebDriver.java:84)
at jdk.proxy2/jdk.proxy2.$Proxy7.onException(Unknown Source)
at org.openqa.selenium.support.events.EventFiringWebDriver.lambda$new$1(EventFiringWebDriver.java:107)
at jdk.proxy2/jdk.proxy2.$Proxy8.getScreenshotAs(Unknown Source)
at org.openqa.selenium.support.events.EventFiringWebDriver.getScreenshotAs(EventFiringWebDriver.java:302)
at com.gaurav.CommonUtils.TestUtils.takeScreenShot(TestUtils.java:58)
at com.gaurav.CommonUtils.WebEventListener.onException(WebEventListener.java:148)
at jdk.internal.reflect.GeneratedMethodAccessor5.invoke(Unknown Source)
at java.base/jdk.internal.reflect.DelegatingMethodAccessorImpl.invoke(DelegatingMethodAccessorImpl.java:43)
at java.base/java.lang.reflect.Method.invoke(Method.java:567)
at org.openqa.selenium.support.events.EventFiringWebDriver.lambda$new$0(EventFiringWebDriver.java:84)
at jdk.proxy2/jdk.proxy2.$Proxy7.onException(Unknown Source)
at org.openqa.selenium.support.events.EventFiringWebDriver.lambda$new$1(EventFiringWebDriver.java:107)
at jdk.proxy2/jdk.proxy2.$Proxy8.getScreenshotAs(Unknown Source)
at org.openqa.selenium.support.events.EventFiringWebDriver.getScreenshotAs(EventFiringWebDriver.java:302)
at com.gaurav.CommonUtils.TestUtils.takeScreenShot(TestUtils.java:58)
at com.gaurav.CommonUtils.WebEventListener.onException(WebEventListener.java:148)
at jdk.internal.reflect.GeneratedMethodAccessor5.invoke(Unknown Source)
at java.base/jdk.internal.reflect.DelegatingMethodAccessorImpl.invoke(DelegatingMethodAccessorImpl.java:43)
at java.base/java.lang.reflect.Method.invoke(Method.java:567)
at org.openqa.selenium.support.events.EventFiringWebDriver.lambda$new$0(EventFiringWebDriver.java:84)
at jdk.proxy2/jdk.proxy2.$Proxy7.onException(Unknown Source)
at org.openqa.selenium.support.events.EventFiringWebDriver.lambda$new$1(EventFiringWebDriver.java:107)
at jdk.proxy2/jdk.proxy2.$Proxy8.getScreenshotAs(Unknown Source)
at org.openqa.selenium.support.events.EventFiringWebDriver.getScreenshotAs(EventFiringWebDriver.java:302)
at com.gaurav.CommonUtils.TestUtils.takeScreenShot(TestUtils.java:58)
at com.gaurav.CommonUtils.WebEventListener.onException(WebEventListener.java:148)
at jdk.internal.reflect.GeneratedMethodAccessor5.invoke(Unknown Source)
at java.base/jdk.internal.reflect.DelegatingMethodAccessorImpl.invoke(DelegatingMethodAccessorImpl.java:43)
at java.base/java.lang.reflect.Method.invoke(Method.java:567)
at org.openqa.selenium.support.events.EventFiringWebDriver.lambda$new$0(EventFiringWebDriver.java:84)
at jdk.proxy2/jdk.proxy2.$Proxy7.onException(Unknown Source)
at org.openqa.selenium.support.events.EventFiringWebDriver.lambda$new$1(EventFiringWebDriver.java:107)
at jdk.proxy2/jdk.proxy2.$Proxy8.getScreenshotAs(Unknown Source)
at org.openqa.selenium.support.events.EventFiringWebDriver.getScreenshotAs(EventFiringWebDriver.java:302)
at com.gaurav.CommonUtils.TestUtils.takeScreenShot(TestUtils.java:58)
at com.gaurav.CommonUtils.WebEventListener.onException(WebEventListener.java:148)
at jdk.internal.reflect.GeneratedMethodAccessor5.invoke(Unknown Source)
at java.base/jdk.internal.reflect.DelegatingMethodAccessorImpl.invoke(DelegatingMethodAccessorImpl.java:43)
at java.base/java.lang.reflect.Method.invoke(Method.java:567)
at org.openqa.selenium.support.events.EventFiringWebDriver.lambda$new$0(EventFiringWebDriver.java:84)
at jdk.proxy2/jdk.proxy2.$Proxy7.onException(Unknown Source)
at org.openqa.selenium.support.events.EventFiringWebDriver.lambda$new$1(EventFiringWebDriver.java:107)
at jdk.proxy2/jdk.proxy2.$Proxy8.getScreenshotAs(Unknown Source)
at org.openqa.selenium.support.events.EventFiringWebDriver.getScreenshotAs(EventFiringWebDriver.java:302)
at com.gaurav.CommonUtils.TestUtils.takeScreenShot(TestUtils.java:58)
at com.gaurav.CommonUtils.WebEventListener.onException(WebEventListener.java:148)
at jdk.internal.reflect.GeneratedMethodAccessor5.invoke(Unknown Source)
at java.base/jdk.internal.reflect.DelegatingMethodAccessorImpl.invoke(DelegatingMethodAccessorImpl.java:43)
at java.base/java.lang.reflect.Method.invoke(Method.java:567)
at org.openqa.selenium.support.events.EventFiringWebDriver.lambda$new$0(EventFiringWebDriver.java:84)
at jdk.proxy2/jdk.proxy2.$Proxy7.onException(Unknown Source)
at org.openqa.selenium.support.events.EventFiringWebDriver.lambda$new$1(EventFiringWebDriver.java:107)
at jdk.proxy2/jdk.proxy2.$Proxy8.getScreenshotAs(Unknown Source)
at org.openqa.selenium.support.events.EventFiringWebDriver.getScreenshotAs(EventFiringWebDriver.java:302)
at com.gaurav.CommonUtils.TestUtils.takeScreenShot(TestUtils.java:58)
at com.gaurav.CommonUtils.WebEventListener.onException(WebEventListener.java:148)
at jdk.internal.reflect.GeneratedMethodAccessor5.invoke(Unknown Source)
at java.base/jdk.internal.reflect.DelegatingMethodAccessorImpl.invoke(DelegatingMethodAccessorImpl.java:43)
at java.base/java.lang.reflect.Method.invoke(Method.java:567)
at org.openqa.selenium.support.events.EventFiringWebDriver.lambda$new$0(EventFiringWebDriver.java:84)
at jdk.proxy2/jdk.proxy2.$Proxy7.onException(Unknown Source)
at org.openqa.selenium.support.events.EventFiringWebDriver.lambda$new$1(EventFiringWebDriver.java:107)
at jdk.proxy2/jdk.proxy2.$Proxy8.getScreenshotAs(Unknown Source)
at org.openqa.selenium.support.events.EventFiringWebDriver.getScreenshotAs(EventFiringWebDriver.java:302)
at com.gaurav.CommonUtils.TestUtils.takeScreenShot(TestUtils.java:58)
at com.gaurav.CommonUtils.WebEventListener.onException(WebEventListener.java:148)
at jdk.internal.reflect.GeneratedMethodAccessor5.invoke(Unknown Source)
at java.base/jdk.internal.reflect.DelegatingMethodAccessorImpl.invoke(DelegatingMethodAccessorImpl.java:43)
at java.base/java.lang.reflect.Method.invoke(Method.java:567)
at org.openqa.selenium.support.events.EventFiringWebDriver.lambda$new$0(EventFiringWebDriver.java:84)
at jdk.proxy2/jdk.proxy2.$Proxy7.onException(Unknown Source)
at org.openqa.selenium.support.events.EventFiringWebDriver.lambda$new$1(EventFiringWebDriver.java:107)
at jdk.proxy2/jdk.proxy2.$Proxy8.getScreenshotAs(Unknown Source)
at org.openqa.selenium.support.events.EventFiringWebDriver.getScreenshotAs(EventFiringWebDriver.java:302)
at com.gaurav.CommonUtils.TestUtils.takeScreenShot(TestUtils.java:58)
at com.gaurav.CommonUtils.WebEventListener.onException(WebEventListener.java:148)
at jdk.internal.reflect.GeneratedMethodAccessor5.invoke(Unknown Source)
at java.base/jdk.internal.reflect.DelegatingMethodAccessorImpl.invoke(DelegatingMethodAccessorImpl.java:43)
at java.base/java.lang.reflect.Method.invoke(Method.java:567)
at org.openqa.selenium.support.events.EventFiringWebDriver.lambda$new$0(EventFiringWebDriver.java:84)
at jdk.proxy2/jdk.proxy2.$Proxy7.onException(Unknown Source)
at org.openqa.selenium.support.events.EventFiringWebDriver.lambda$new$1(EventFiringWebDriver.java:107)
at jdk.proxy2/jdk.proxy2.$Proxy8.getScreenshotAs(Unknown Source)
at org.openqa.selenium.support.events.EventFiringWebDriver.getScreenshotAs(EventFiringWebDriver.java:302)
at com.gaurav.CommonUtils.TestUtils.takeScreenShot(TestUtils.java:58)
at com.gaurav.CommonUtils.WebEventListener.onException(WebEventListener.java:148)
at jdk.internal.reflect.GeneratedMethodAccessor5.invoke(Unknown Source)
at java.base/jdk.internal.reflect.DelegatingMethodAccessorImpl.invoke(DelegatingMethodAccessorImpl.java:43)
at java.base/java.lang.reflect.Method.invoke(Method.java:567)
at org.openqa.selenium.support.events.EventFiringWebDriver.lambda$new$0(EventFiringWebDriver.java:84)
at jdk.proxy2/jdk.proxy2.$Proxy7.onException(Unknown Source)
at org.openqa.selenium.support.events.EventFiringWebDriver.lambda$new$1(EventFiringWebDriver.java:107)
at jdk.proxy2/jdk.proxy2.$Proxy8.getScreenshotAs(Unknown Source)
at org.openqa.selenium.support.events.EventFiringWebDriver.getScreenshotAs(EventFiringWebDriver.java:302)
at com.gaurav.CommonUtils.TestUtils.takeScreenShot(TestUtils.java:58)
at com.gaurav.CommonUtils.WebEventListener.onException(WebEventListener.java:148)
at jdk.internal.reflect.GeneratedMethodAccessor5.invoke(Unknown Source)
at java.base/jdk.internal.reflect.DelegatingMethodAccessorImpl.invoke(DelegatingMethodAccessorImpl.java:43)
at java.base/java.lang.reflect.Method.invoke(Method.java:567)
at org.openqa.selenium.support.events.EventFiringWebDriver.lambda$new$0(EventFiringWebDriver.java:84)
at jdk.proxy2/jdk.proxy2.$Proxy7.onException(Unknown Source)
at org.openqa.selenium.support.events.EventFiringWebDriver.lambda$new$1(EventFiringWebDriver.java:107)
at jdk.proxy2/jdk.proxy2.$Proxy8.getScreenshotAs(Unknown Source)
at org.openqa.selenium.support.events.EventFiringWebDriver.getScreenshotAs(EventFiringWebDriver.java:302)
at com.gaurav.CommonUtils.TestUtils.takeScreenShot(TestUtils.java:58)
at com.gaurav.CommonUtils.WebEventListener.onException(WebEventListener.java:148)
at jdk.internal.reflect.GeneratedMethodAccessor5.invoke(Unknown Source)
at java.base/jdk.internal.reflect.DelegatingMethodAccessorImpl.invoke(DelegatingMethodAccessorImpl.java:43)
at java.base/java.lang.reflect.Method.invoke(Method.java:567)
at org.openqa.selenium.support.events.EventFiringWebDriver.lambda$new$0(EventFiringWebDriver.java:84)
at jdk.proxy2/jdk.proxy2.$Proxy7.onException(Unknown Source)
at org.openqa.selenium.support.events.EventFiringWebDriver.lambda$new$1(EventFiringWebDriver.java:107)
at jdk.proxy2/jdk.proxy2.$Proxy8.getScreenshotAs(Unknown Source)
at org.openqa.selenium.support.events.EventFiringWebDriver.getScreenshotAs(EventFiringWebDriver.java:302)
at com.gaurav.CommonUtils.TestUtils.takeScreenShot(TestUtils.java:58)
at com.gaurav.CommonUtils.WebEventListener.onException(WebEventListener.java:148)
at jdk.internal.reflect.GeneratedMethodAccessor5.invoke(Unknown Source)
at java.base/jdk.internal.reflect.DelegatingMethodAccessorImpl.invoke(DelegatingMethodAccessorImpl.java:43)
at java.base/java.lang.reflect.Method.invoke(Method.java:567)
at org.openqa.selenium.support.events.EventFiringWebDriver.lambda$new$0(EventFiringWebDriver.java:84)
at jdk.proxy2/jdk.proxy2.$Proxy7.onException(Unknown Source)
at org.openqa.selenium.support.events.EventFiringWebDriver.lambda$new$1(EventFiringWebDriver.java:107)
at jdk.proxy2/jdk.proxy2.$Proxy8.getScreenshotAs(Unknown Source)
at org.openqa.selenium.support.events.EventFiringWebDriver.getScreenshotAs(EventFiringWebDriver.java:302)
at com.gaurav.CommonUtils.TestUtils.takeScreenShot(TestUtils.java:58)
at com.gaurav.CommonUtils.WebEventListener.onException(WebEventListener.java:148)
at jdk.internal.reflect.GeneratedMethodAccessor5.invoke(Unknown Source)
at java.base/jdk.internal.reflect.DelegatingMethodAccessorImpl.invoke(DelegatingMethodAccessorImpl.java:43)
at java.base/java.lang.reflect.Method.invoke(Method.java:567)
at org.openqa.selenium.support.events.EventFiringWebDriver.lambda$new$0(EventFiringWebDriver.java:84)
at jdk.proxy2/jdk.proxy2.$Proxy7.onException(Unknown Source)
at org.openqa.selenium.support.events.EventFiringWebDriver.lambda$new$1(EventFiringWebDriver.java:107)
at jdk.proxy2/jdk.proxy2.$Proxy8.getScreenshotAs(Unknown Source)
at org.openqa.selenium.support.events.EventFiringWebDriver.getScreenshotAs(EventFiringWebDriver.java:302)
at com.gaurav.CommonUtils.TestUtils.takeScreenShot(TestUtils.java:58)
at com.gaurav.CommonUtils.WebEventListener.onException(WebEventListener.java:148)
at jdk.internal.reflect.GeneratedMethodAccessor5.invoke(Unknown Source)
at java.base/jdk.internal.reflect.DelegatingMethodAccessorImpl.invoke(DelegatingMethodAccessorImpl.java:43)
at java.base/java.lang.reflect.Method.invoke(Method.java:567)
at org.openqa.selenium.support.events.EventFiringWebDriver.lambda$new$0(EventFiringWebDriver.java:84)
at jdk.proxy2/jdk.proxy2.$Proxy7.onException(Unknown Source)
at org.openqa.selenium.support.events.EventFiringWebDriver.lambda$new$1(EventFiringWebDriver.java:107)
at jdk.proxy2/jdk.proxy2.$Proxy8.getScreenshotAs(Unknown Source)
at org.openqa.selenium.support.events.EventFiringWebDriver.getScreenshotAs(EventFiringWebDriver.java:302)
at com.gaurav.CommonUtils.TestUtils.takeScreenShot(TestUtils.java:58)
at com.gaurav.CommonUtils.WebEventListener.onException(WebEventListener.java:148)
at jdk.internal.reflect.GeneratedMethodAccessor5.invoke(Unknown Source)
at java.base/jdk.internal.reflect.DelegatingMethodAccessorImpl.invoke(DelegatingMethodAccessorImpl.java:43)
at java.base/java.lang.reflect.Method.invoke(Method.java:567)
at org.openqa.selenium.support.events.EventFiringWebDriver.lambda$new$0(EventFiringWebDriver.java:84)
at jdk.proxy2/jdk.proxy2.$Proxy7.onException(Unknown Source)
at org.openqa.selenium.support.events.EventFiringWebDriver.lambda$new$1(EventFiringWebDriver.java:107)
at jdk.proxy2/jdk.proxy2.$Proxy8.getScreenshotAs(Unknown Source)
at org.openqa.selenium.support.events.EventFiringWebDriver.getScreenshotAs(EventFiringWebDriver.java:302)
at com.gaurav.CommonUtils.TestUtils.takeScreenShot(TestUtils.java:58)
at com.gaurav.CommonUtils.WebEventListener.onException(WebEventListener.java:148)
at jdk.internal.reflect.GeneratedMethodAccessor5.invoke(Unknown Source)
at java.base/jdk.internal.reflect.DelegatingMethodAccessorImpl.invoke(DelegatingMethodAccessorImpl.java:43)
at java.base/java.lang.reflect.Method.invoke(Method.java:567)
at org.openqa.selenium.support.events.EventFiringWebDriver.lambda$new$0(EventFiringWebDriver.java:84)
at jdk.proxy2/jdk.proxy2.$Proxy7.onException(Unknown Source)
at org.openqa.selenium.support.events.EventFiringWebDriver.lambda$new$1(EventFiringWebDriver.java:107)
at jdk.proxy2/jdk.proxy2.$Proxy8.getScreenshotAs(Unknown Source)
at org.openqa.selenium.support.events.EventFiringWebDriver.getScreenshotAs(EventFiringWebDriver.java:302)
at com.gaurav.CommonUtils.TestUtils.takeScreenShot(TestUtils.java:58)
at com.gaurav.CommonUtils.WebEventListener.onException(WebEventListener.java:148)
at jdk.internal.reflect.GeneratedMethodAccessor5.invoke(Unknown Source)
at java.base/jdk.internal.reflect.DelegatingMethodAccessorImpl.invoke(DelegatingMethodAccessorImpl.java:43)
at java.base/java.lang.reflect.Method.invoke(Method.java:567)
at org.openqa.selenium.support.events.EventFiringWebDriver.lambda$new$0(EventFiringWebDriver.java:84)
at jdk.proxy2/jdk.proxy2.$Proxy7.onException(Unknown Source)
at org.openqa.selenium.support.events.EventFiringWebDriver.lambda$new$1(EventFiringWebDriver.java:107)
at jdk.proxy2/jdk.proxy2.$Proxy8.getScreenshotAs(Unknown Source)
at org.openqa.selenium.support.events.EventFiringWebDriver.getScreenshotAs(EventFiringWebDriver.java:302)
at com.gaurav.CommonUtils.TestUtils.takeScreenShot(TestUtils.java:58)
at com.gaurav.CommonUtils.WebEventListener.onException(WebEventListener.java:148)
at jdk.internal.reflect.GeneratedMethodAccessor5.invoke(Unknown Source)
at java.base/jdk.internal.reflect.DelegatingMethodAccessorImpl.invoke(DelegatingMethodAccessorImpl.java:43)
at java.base/java.lang.reflect.Method.invoke(Method.java:567)
at org.openqa.selenium.support.events.EventFiringWebDriver.lambda$new$0(EventFiringWebDriver.java:84)
at jdk.proxy2/jdk.proxy2.$Proxy7.onException(Unknown Source)
at org.openqa.selenium.support.events.EventFiringWebDriver.lambda$new$1(EventFiringWebDriver.java:107)
at jdk.proxy2/jdk.proxy2.$Proxy8.getScreenshotAs(Unknown Source)
at org.openqa.selenium.support.events.EventFiringWebDriver.getScreenshotAs(EventFiringWebDriver.java:302)
at com.gaurav.CommonUtils.TestUtils.takeScreenShot(TestUtils.java:58)
at com.gaurav.CommonUtils.WebEventListener.onException(WebEventListener.java:148)
at jdk.internal.reflect.GeneratedMethodAccessor5.invoke(Unknown Source)
at java.base/jdk.internal.reflect.DelegatingMethodAccessorImpl.invoke(DelegatingMethodAccessorImpl.java:43)
at java.base/java.lang.reflect.Method.invoke(Method.java:567)
at org.openqa.selenium.support.events.EventFiringWebDriver.lambda$new$0(EventFiringWebDriver.java:84)
at jdk.proxy2/jdk.proxy2.$Proxy7.onException(Unknown Source)
at org.openqa.selenium.support.events.EventFiringWebDriver.lambda$new$1(EventFiringWebDriver.java:107)
at jdk.proxy2/jdk.proxy2.$Proxy8.getScreenshotAs(Unknown Source)
at org.openqa.selenium.support.events.EventFiringWebDriver.getScreenshotAs(EventFiringWebDriver.java:302)
at com.gaurav.CommonUtils.TestUtils.takeScreenShot(TestUtils.java:58)
at com.gaurav.CommonUtils.WebEventListener.onException(WebEventListener.java:148)
at jdk.internal.reflect.GeneratedMethodAccessor5.invoke(Unknown Source)
at java.base/jdk.internal.reflect.DelegatingMethodAccessorImpl.invoke(DelegatingMethodAccessorImpl.java:43)
at java.base/java.lang.reflect.Method.invoke(Method.java:567)
at org.openqa.selenium.support.events.EventFiringWebDriver.lambda$new$0(EventFiringWebDriver.java:84)
at jdk.proxy2/jdk.proxy2.$Proxy7.onException(Unknown Source)
at org.openqa.selenium.support.events.EventFiringWebDriver.lambda$new$1(EventFiringWebDriver.java:107)
at jdk.proxy2/jdk.proxy2.$Proxy8.getScreenshotAs(Unknown Source)
at org.openqa.selenium.support.events.EventFiringWebDriver.getScreenshotAs(EventFiringWebDriver.java:302)
at com.gaurav.CommonUtils.TestUtils.takeScreenShot(TestUtils.java:58)
at com.gaurav.CommonUtils.WebEventListener.onException(WebEventListener.java:148)
at jdk.internal.reflect.GeneratedMethodAccessor5.invoke(Unknown Source)
at java.base/jdk.internal.reflect.DelegatingMethodAccessorImpl.invoke(DelegatingMethodAccessorImpl.java:43)
at java.base/java.lang.reflect.Method.invoke(Method.java:567)
at org.openqa.selenium.support.events.EventFiringWebDriver.lambda$new$0(EventFiringWebDriver.java:84)
at jdk.proxy2/jdk.proxy2.$Proxy7.onException(Unknown Source)
at org.openqa.selenium.support.events.EventFiringWebDriver.lambda$new$1(EventFiringWebDriver.java:107)
at jdk.proxy2/jdk.proxy2.$Proxy8.getScreenshotAs(Unknown Source)
at org.openqa.selenium.support.events.EventFiringWebDriver.getScreenshotAs(EventFiringWebDriver.java:302)
at com.gaurav.CommonUtils.TestUtils.takeScreenShot(TestUtils.java:58)
at com.gaurav.CommonUtils.WebEventListener.onException(WebEventListener.java:148)
at jdk.internal.reflect.GeneratedMethodAccessor5.invoke(Unknown Source)
at java.base/jdk.internal.reflect.DelegatingMethodAccessorImpl.invoke(DelegatingMethodAccessorImpl.java:43)
at java.base/java.lang.reflect.Method.invoke(Method.java:567)
at org.openqa.selenium.support.events.EventFiringWebDriver.lambda$new$0(EventFiringWebDriver.java:84)
at jdk.proxy2/jdk.proxy2.$Proxy7.onException(Unknown Source)
at org.openqa.selenium.support.events.EventFiringWebDriver.lambda$new$1(EventFiringWebDriver.java:107)
at jdk.proxy2/jdk.proxy2.$Proxy8.getScreenshotAs(Unknown Source)
at org.openqa.selenium.support.events.EventFiringWebDriver.getScreenshotAs(EventFiringWebDriver.java:302)
at com.gaurav.CommonUtils.TestUtils.takeScreenShot(TestUtils.java:58)
at com.gaurav.CommonUtils.WebEventListener.onException(WebEventListener.java:148)
at jdk.internal.reflect.GeneratedMethodAccessor5.invoke(Unknown Source)
at java.base/jdk.internal.reflect.DelegatingMethodAccessorImpl.invoke(DelegatingMethodAccessorImpl.java:43)
at java.base/java.lang.reflect.Method.invoke(Method.java:567)
at org.openqa.selenium.support.events.EventFiringWebDriver.lambda$new$0(EventFiringWebDriver.java:84)
at jdk.proxy2/jdk.proxy2.$Proxy7.onException(Unknown Source)
at org.openqa.selenium.support.events.EventFiringWebDriver.lambda$new$1(EventFiringWebDriver.java:107)
at jdk.proxy2/jdk.proxy2.$Proxy8.getScreenshotAs(Unknown Source)
at org.openqa.selenium.support.events.EventFiringWebDriver.getScreenshotAs(EventFiringWebDriver.java:302)
at com.gaurav.CommonUtils.TestUtils.takeScreenShot(TestUtils.java:58)
at com.gaurav.CommonUtils.WebEventListener.onException(WebEventListener.java:148)
at jdk.internal.reflect.GeneratedMethodAccessor5.invoke(Unknown Source)
at java.base/jdk.internal.reflect.DelegatingMethodAccessorImpl.invoke(DelegatingMethodAccessorImpl.java:43)
at java.base/java.lang.reflect.Method.invoke(Method.java:567)
at org.openqa.selenium.support.events.EventFiringWebDriver.lambda$new$0(EventFiringWebDriver.java:84)
at jdk.proxy2/jdk.proxy2.$Proxy7.onException(Unknown Source)
at org.openqa.selenium.support.events.EventFiringWebDriver.lambda$new$1(EventFiringWebDriver.java:107)
at jdk.proxy2/jdk.proxy2.$Proxy8.getScreenshotAs(Unknown Source)
at org.openqa.selenium.support.events.EventFiringWebDriver.getScreenshotAs(EventFiringWebDriver.java:302)
at com.gaurav.CommonUtils.TestUtils.takeScreenShot(TestUtils.java:58)
at com.gaurav.CommonUtils.WebEventListener.onException(WebEventListener.java:148)
at jdk.internal.reflect.GeneratedMethodAccessor5.invoke(Unknown Source)
at java.base/jdk.internal.reflect.DelegatingMethodAccessorImpl.invoke(DelegatingMethodAccessorImpl.java:43)
at java.base/java.lang.reflect.Method.invoke(Method.java:567)
at org.openqa.selenium.support.events.EventFiringWebDriver.lambda$new$0(EventFiringWebDriver.java:84)
at jdk.proxy2/jdk.proxy2.$Proxy7.onException(Unknown Source)
at org.openqa.selenium.support.events.EventFiringWebDriver.lambda$new$1(EventFiringWebDriver.java:107)
at jdk.proxy2/jdk.proxy2.$Proxy8.getScreenshotAs(Unknown Source)
at org.openqa.selenium.support.events.EventFiringWebDriver.getScreenshotAs(EventFiringWebDriver.java:302)
at com.gaurav.CommonUtils.TestUtils.takeScreenShot(TestUtils.java:58)
at com.gaurav.CommonUtils.WebEventListener.onException(WebEventListener.java:148)
at jdk.internal.reflect.GeneratedMethodAccessor5.invoke(Unknown Source)
at java.base/jdk.internal.reflect.DelegatingMethodAccessorImpl.invoke(DelegatingMethodAccessorImpl.java:43)
at java.base/java.lang.reflect.Method.invoke(Method.java:567)
at org.openqa.selenium.support.events.EventFiringWebDriver.lambda$new$0(EventFiringWebDriver.java:84)
at jdk.proxy2/jdk.proxy2.$Proxy7.onException(Unknown Source)
at org.openqa.selenium.support.events.EventFiringWebDriver.lambda$new$1(EventFiringWebDriver.java:107)
at jdk.proxy2/jdk.proxy2.$Proxy8.getScreenshotAs(Unknown Source)
at org.openqa.selenium.support.events.EventFiringWebDriver.getScreenshotAs(EventFiringWebDriver.java:302)
at com.gaurav.CommonUtils.TestUtils.takeScreenShot(TestUtils.java:58)
at com.gaurav.CommonUtils.WebEventListener.onException(WebEventListener.java:148)
at jdk.internal.reflect.GeneratedMethodAccessor5.invoke(Unknown Source)
at java.base/jdk.internal.reflect.DelegatingMethodAccessorImpl.invoke(DelegatingMethodAccessorImpl.java:43)
at java.base/java.lang.reflect.Method.invoke(Method.java:567)
at org.openqa.selenium.support.events.EventFiringWebDriver.lambda$new$0(EventFiringWebDriver.java:84)
at jdk.proxy2/jdk.proxy2.$Proxy7.onException(Unknown Source)
at org.openqa.selenium.support.events.EventFiringWebDriver.lambda$new$1(EventFiringWebDriver.java:107)
at jdk.proxy2/jdk.proxy2.$Proxy8.getScreenshotAs(Unknown Source)
at org.openqa.selenium.support.events.EventFiringWebDriver.getScreenshotAs(EventFiringWebDriver.java:302)
at com.gaurav.CommonUtils.TestUtils.takeScreenShot(TestUtils.java:58)
at com.gaurav.CommonUtils.WebEventListener.onException(WebEventListener.java:148)
at jdk.internal.reflect.GeneratedMethodAccessor5.invoke(Unknown Source)
at java.base/jdk.internal.reflect.DelegatingMethodAccessorImpl.invoke(DelegatingMethodAccessorImpl.java:43)
at java.base/java.lang.reflect.Method.invoke(Method.java:567)
at org.openqa.selenium.support.events.EventFiringWebDriver.lambda$new$0(EventFiringWebDriver.java:84)
at jdk.proxy2/jdk.proxy2.$Proxy7.onException(Unknown Source)
at org.openqa.selenium.support.events.EventFiringWebDriver.lambda$new$1(EventFiringWebDriver.java:107)
at jdk.proxy2/jdk.proxy2.$Proxy8.getScreenshotAs(Unknown Source)
at org.openqa.selenium.support.events.EventFiringWebDriver.getScreenshotAs(EventFiringWebDriver.java:302)
at com.gaurav.CommonUtils.TestUtils.takeScreenShot(TestUtils.java:58)
at com.gaurav.CommonUtils.WebEventListener.onException(WebEventListener.java:148)
at jdk.internal.reflect.GeneratedMethodAccessor5.invoke(Unknown Source)
at java.base/jdk.internal.reflect.DelegatingMethodAccessorImpl.invoke(DelegatingMethodAccessorImpl.java:43)
at java.base/java.lang.reflect.Method.invoke(Method.java:567)
at org.openqa.selenium.support.events.EventFiringWebDriver.lambda$new$0(EventFiringWebDriver.java:84)
at jdk.proxy2/jdk.proxy2.$Proxy7.onException(Unknown Source)
at org.openqa.selenium.support.events.EventFiringWebDriver.lambda$new$1(EventFiringWebDriver.java:107)
at jdk.proxy2/jdk.proxy2.$Proxy8.getScreenshotAs(Unknown Source)
at org.openqa.selenium.support.events.EventFiringWebDriver.getScreenshotAs(EventFiringWebDriver.java:302)
at com.gaurav.CommonUtils.TestUtils.takeScreenShot(TestUtils.java:58)
at com.gaurav.CommonUtils.WebEventListener.onException(WebEventListener.java:148)
at jdk.internal.reflect.GeneratedMethodAccessor5.invoke(Unknown Source)
at java.base/jdk.internal.reflect.DelegatingMethodAccessorImpl.invoke(DelegatingMethodAccessorImpl.java:43)
at java.base/java.lang.reflect.Method.invoke(Method.java:567)
at org.openqa.selenium.support.events.EventFiringWebDriver.lambda$new$0(EventFiringWebDriver.java:84)
at jdk.proxy2/jdk.proxy2.$Proxy7.onException(Unknown Source)
at org.openqa.selenium.support.events.EventFiringWebDriver.lambda$new$1(EventFiringWebDriver.java:107)
at jdk.proxy2/jdk.proxy2.$Proxy8.getScreenshotAs(Unknown Source)
at org.openqa.selenium.support.events.EventFiringWebDriver.getScreenshotAs(EventFiringWebDriver.java:302)
at com.gaurav.CommonUtils.TestUtils.takeScreenShot(TestUtils.java:58)
at com.gaurav.CommonUtils.WebEventListener.onException(WebEventListener.java:148)
at jdk.internal.reflect.GeneratedMethodAccessor5.invoke(Unknown Source)
at java.base/jdk.internal.reflect.DelegatingMethodAccessorImpl.invoke(DelegatingMethodAccessorImpl.java:43)
at java.base/java.lang.reflect.Method.invoke(Method.java:567)
at org.openqa.selenium.support.events.EventFiringWebDriver.lambda$new$0(EventFiringWebDriver.java:84)
at jdk.proxy2/jdk.proxy2.$Proxy7.onException(Unknown Source)
at org.openqa.selenium.support.events.EventFiringWebDriver.lambda$new$1(EventFiringWebDriver.java:107)
at jdk.proxy2/jdk.proxy2.$Proxy8.getScreenshotAs(Unknown Source)
at org.openqa.selenium.support.events.EventFiringWebDriver.getScreenshotAs(EventFiringWebDriver.java:302)
at com.gaurav.CommonUtils.TestUtils.takeScreenShot(TestUtils.java:58)
at com.gaurav.CommonUtils.WebEventListener.onException(WebEventListener.java:148)
at jdk.internal.reflect.GeneratedMethodAccessor5.invoke(Unknown Source)
at java.base/jdk.internal.reflect.DelegatingMethodAccessorImpl.invoke(DelegatingMethodAccessorImpl.java:43)
at java.base/java.lang.reflect.Method.invoke(Method.java:567)
at org.openqa.selenium.support.events.EventFiringWebDriver.lambda$new$0(EventFiringWebDriver.java:84)
at jdk.proxy2/jdk.proxy2.$Proxy7.onException(Unknown Source)
at org.openqa.selenium.support.events.EventFiringWebDriver.lambda$new$1(EventFiringWebDriver.java:107)
at jdk.proxy2/jdk.proxy2.$Proxy8.getScreenshotAs(Unknown Source)
at org.openqa.selenium.support.events.EventFiringWebDriver.getScreenshotAs(EventFiringWebDriver.java:302)
at com.gaurav.CommonUtils.TestUtils.takeScreenShot(TestUtils.java:58)
at com.gaurav.CommonUtils.WebEventListener.onException(WebEventListener.java:148)
at jdk.internal.reflect.GeneratedMethodAccessor5.invoke(Unknown Source)
at java.base/jdk.internal.reflect.DelegatingMethodAccessorImpl.invoke(DelegatingMethodAccessorImpl.java:43)
at java.base/java.lang.reflect.Method.invoke(Method.java:567)
at org.openqa.selenium.support.events.EventFiringWebDriver.lambda$new$0(EventFiringWebDriver.java:84)
at jdk.proxy2/jdk.proxy2.$Proxy7.onException(Unknown Source)
at org.openqa.selenium.support.events.EventFiringWebDriver.lambda$new$1(EventFiringWebDriver.java:107)
at jdk.proxy2/jdk.proxy2.$Proxy8.getScreenshotAs(Unknown Source)
at org.openqa.selenium.support.events.EventFiringWebDriver.getScreenshotAs(EventFiringWebDriver.java:302)
at com.gaurav.CommonUtils.TestUtils.takeScreenShot(TestUtils.java:58)
at com.gaurav.CommonUtils.WebEventListener.onException(WebEventListener.java:148)
at jdk.internal.reflect.GeneratedMethodAccessor5.invoke(Unknown Source)
at java.base/jdk.internal.reflect.DelegatingMethodAccessorImpl.invoke(DelegatingMethodAccessorImpl.java:43)
at java.base/java.lang.reflect.Method.invoke(Method.java:567)
at org.openqa.selenium.support.events.EventFiringWebDriver.lambda$new$0(EventFiringWebDriver.java:84)
at jdk.proxy2/jdk.proxy2.$Proxy7.onException(Unknown Source)
at org.openqa.selenium.support.events.EventFiringWebDriver.lambda$new$1(EventFiringWebDriver.java:107)
at jdk.proxy2/jdk.proxy2.$Proxy8.getScreenshotAs(Unknown Source)
at org.openqa.selenium.support.events.EventFiringWebDriver.getScreenshotAs(EventFiringWebDriver.java:302)
at com.gaurav.CommonUtils.TestUtils.takeScreenShot(TestUtils.java:58)
at com.gaurav.CommonUtils.WebEventListener.onException(WebEventListener.java:148)
at jdk.internal.reflect.GeneratedMethodAccessor5.invoke(Unknown Source)
at java.base/jdk.internal.reflect.DelegatingMethodAccessorImpl.invoke(DelegatingMethodAccessorImpl.java:43)
at java.base/java.lang.reflect.Method.invoke(Method.java:567)
at org.openqa.selenium.support.events.EventFiringWebDriver.lambda$new$0(EventFiringWebDriver.java:84)
at jdk.proxy2/jdk.proxy2.$Proxy7.onException(Unknown Source)
at org.openqa.selenium.support.events.EventFiringWebDriver.lambda$new$1(EventFiringWebDriver.java:107)
at jdk.proxy2/jdk.proxy2.$Proxy8.getScreenshotAs(Unknown Source)
at org.openqa.selenium.support.events.EventFiringWebDriver.getScreenshotAs(EventFiringWebDriver.java:302)
at com.gaurav.CommonUtils.TestUtils.takeScreenShot(TestUtils.java:58)
at com.gaurav.CommonUtils.WebEventListener.onException(WebEventListener.java:148)
at jdk.internal.reflect.GeneratedMethodAccessor5.invoke(Unknown Source)
at java.base/jdk.internal.reflect.DelegatingMethodAccessorImpl.invoke(DelegatingMethodAccessorImpl.java:43)
at java.base/java.lang.reflect.Method.invoke(Method.java:567)
at org.openqa.selenium.support.events.EventFiringWebDriver.lambda$new$0(EventFiringWebDriver.java:84)
at jdk.proxy2/jdk.proxy2.$Proxy7.onException(Unknown Source)
at org.openqa.selenium.support.events.EventFiringWebDriver.lambda$new$1(EventFiringWebDriver.java:107)
at jdk.proxy2/jdk.proxy2.$Proxy8.getScreenshotAs(Unknown Source)
at org.openqa.selenium.support.events.EventFiringWebDriver.getScreenshotAs(EventFiringWebDriver.java:302)
at com.gaurav.CommonUtils.TestUtils.takeScreenShot(TestUtils.java:58)
at com.gaurav.CommonUtils.WebEventListener.onException(WebEventListener.java:148)
at jdk.internal.reflect.GeneratedMethodAccessor5.invoke(Unknown Source)
at java.base/jdk.internal.reflect.DelegatingMethodAccessorImpl.invoke(DelegatingMethodAccessorImpl.java:43)
at java.base/java.lang.reflect.Method.invoke(Method.java:567)
at org.openqa.selenium.support.events.EventFiringWebDriver.lambda$new$0(EventFiringWebDriver.java:84)
at jdk.proxy2/jdk.proxy2.$Proxy7.onException(Unknown Source)
at org.openqa.selenium.support.events.EventFiringWebDriver.lambda$new$1(EventFiringWebDriver.java:107)
at jdk.proxy2/jdk.proxy2.$Proxy8.getScreenshotAs(Unknown Source)
at org.openqa.selenium.support.events.EventFiringWebDriver.getScreenshotAs(EventFiringWebDriver.java:302)
at com.gaurav.CommonUtils.TestUtils.takeScreenShot(TestUtils.java:58)
at com.gaurav.CommonUtils.WebEventListener.onException(WebEventListener.java:148)
at jdk.internal.reflect.GeneratedMethodAccessor5.invoke(Unknown Source)
at java.base/jdk.internal.reflect.DelegatingMethodAccessorImpl.invoke(DelegatingMethodAccessorImpl.java:43)
at java.base/java.lang.reflect.Method.invoke(Method.java:567)
at org.openqa.selenium.support.events.EventFiringWebDriver.lambda$new$0(EventFiringWebDriver.java:84)
at jdk.proxy2/jdk.proxy2.$Proxy7.onException(Unknown Source)
at org.openqa.selenium.support.events.EventFiringWebDriver.lambda$new$1(EventFiringWebDriver.java:107)
at jdk.proxy2/jdk.proxy2.$Proxy8.getScreenshotAs(Unknown Source)
at org.openqa.selenium.support.events.EventFiringWebDriver.getScreenshotAs(EventFiringWebDriver.java:302)
at com.gaurav.CommonUtils.TestUtils.takeScreenShot(TestUtils.java:58)
at com.gaurav.CommonUtils.WebEventListener.onException(WebEventListener.java:148)
at jdk.internal.reflect.GeneratedMethodAccessor5.invoke(Unknown Source)
at java.base/jdk.internal.reflect.DelegatingMethodAccessorImpl.invoke(DelegatingMethodAccessorImpl.java:43)
at java.base/java.lang.reflect.Method.invoke(Method.java:567)
at org.openqa.selenium.support.events.EventFiringWebDriver.lambda$new$0(EventFiringWebDriver.java:84)
at jdk.proxy2/jdk.proxy2.$Proxy7.onException(Unknown Source)
at org.openqa.selenium.support.events.EventFiringWebDriver.lambda$new$1(EventFiringWebDriver.java:107)
at jdk.proxy2/jdk.proxy2.$Proxy8.getScreenshotAs(Unknown Source)
at org.openqa.selenium.support.events.EventFiringWebDriver.getScreenshotAs(EventFiringWebDriver.java:302)
at com.gaurav.CommonUtils.TestUtils.takeScreenShot(TestUtils.java:58)
at com.gaurav.CommonUtils.WebEventListener.onException(WebEventListener.java:148)
at jdk.internal.reflect.GeneratedMethodAccessor5.invoke(Unknown Source)
at java.base/jdk.internal.reflect.DelegatingMethodAccessorImpl.invoke(DelegatingMethodAccessorImpl.java:43)
at java.base/java.lang.reflect.Method.invoke(Method.java:567)
at org.openqa.selenium.support.events.EventFiringWebDriver.lambda$new$0(EventFiringWebDriver.java:84)
at jdk.proxy2/jdk.proxy2.$Proxy7.onException(Unknown Source)
at org.openqa.selenium.support.events.EventFiringWebDriver.lambda$new$1(EventFiringWebDriver.java:107)
at jdk.proxy2/jdk.proxy2.$Proxy8.getScreenshotAs(Unknown Source)
at org.openqa.selenium.support.events.EventFiringWebDriver.getScreenshotAs(EventFiringWebDriver.java:302)
at com.gaurav.CommonUtils.TestUtils.takeScreenShot(TestUtils.java:58)
at com.gaurav.CommonUtils.WebEventListener.onException(WebEventListener.java:148)
at jdk.internal.reflect.GeneratedMethodAccessor5.invoke(Unknown Source)
at java.base/jdk.internal.reflect.DelegatingMethodAccessorImpl.invoke(DelegatingMethodAccessorImpl.java:43)
at java.base/java.lang.reflect.Method.invoke(Method.java:567)
at org.openqa.selenium.support.events.EventFiringWebDriver.lambda$new$0(EventFiringWebDriver.java:84)
at jdk.proxy2/jdk.proxy2.$Proxy7.onException(Unknown Source)
at org.openqa.selenium.support.events.EventFiringWebDriver.lambda$new$1(EventFiringWebDriver.java:107)
at jdk.proxy2/jdk.proxy2.$Proxy8.getScreenshotAs(Unknown Source)
at org.openqa.selenium.support.events.EventFiringWebDriver.getScreenshotAs(EventFiringWebDriver.java:302)
at com.gaurav.CommonUtils.TestUtils.takeScreenShot(TestUtils.java:58)
at com.gaurav.CommonUtils.WebEventListener.onException(WebEventListener.java:148)
at jdk.internal.reflect.GeneratedMethodAccessor5.invoke(Unknown Source)
at java.base/jdk.internal.reflect.DelegatingMethodAccessorImpl.invoke(DelegatingMethodAccessorImpl.java:43)
at java.base/java.lang.reflect.Method.invoke(Method.java:567)
at org.openqa.selenium.support.events.EventFiringWebDriver.lambda$new$0(EventFiringWebDriver.java:84)
at jdk.proxy2/jdk.proxy2.$Proxy7.onException(Unknown Source)
at org.openqa.selenium.support.events.EventFiringWebDriver.lambda$new$1(EventFiringWebDriver.java:107)
at jdk.proxy2/jdk.proxy2.$Proxy8.getScreenshotAs(Unknown Source)
at org.openqa.selenium.support.events.EventFiringWebDriver.getScreenshotAs(EventFiringWebDriver.java:302)
at com.gaurav.CommonUtils.TestUtils.takeScreenShot(TestUtils.java:58)
at com.gaurav.CommonUtils.WebEventListener.onException(WebEventListener.java:148)
at jdk.internal.reflect.GeneratedMethodAccessor5.invoke(Unknown Source)
at java.base/jdk.internal.reflect.DelegatingMethodAccessorImpl.invoke(DelegatingMethodAccessorImpl.java:43)
at java.base/java.lang.reflect.Method.invoke(Method.java:567)
at org.openqa.selenium.support.events.EventFiringWebDriver.lambda$new$0(EventFiringWebDriver.java:84)
at jdk.proxy2/jdk.proxy2.$Proxy7.onException(Unknown Source)
at org.openqa.selenium.support.events.EventFiringWebDriver.lambda$new$1(EventFiringWebDriver.java:107)
at jdk.proxy2/jdk.proxy2.$Proxy8.getScreenshotAs(Unknown Source)
at org.openqa.selenium.support.events.EventFiringWebDriver.getScreenshotAs(EventFiringWebDriver.java:302)
at com.gaurav.CommonUtils.TestUtils.takeScreenShot(TestUtils.java:58)
at com.gaurav.CommonUtils.WebEventListener.onException(WebEventListener.java:148)
at jdk.internal.reflect.GeneratedMethodAccessor5.invoke(Unknown Source)
at java.base/jdk.internal.reflect.DelegatingMethodAccessorImpl.invoke(DelegatingMethodAccessorImpl.java:43)
at java.base/java.lang.reflect.Method.invoke(Method.java:567)
at org.openqa.selenium.support.events.EventFiringWebDriver.lambda$new$0(EventFiringWebDriver.java:84)
at jdk.proxy2/jdk.proxy2.$Proxy7.onException(Unknown Source)
at org.openqa.selenium.support.events.EventFiringWebDriver.lambda$new$1(EventFiringWebDriver.java:107)
at jdk.proxy2/jdk.proxy2.$Proxy8.getScreenshotAs(Unknown Source)
at org.openqa.selenium.support.events.EventFiringWebDriver.getScreenshotAs(EventFiringWebDriver.java:302)
at com.gaurav.CommonUtils.TestUtils.takeScreenShot(TestUtils.java:58)
at com.gaurav.CommonUtils.WebEventListener.onException(WebEventListener.java:148)
at jdk.internal.reflect.GeneratedMethodAccessor5.invoke(Unknown Source)
at java.base/jdk.internal.reflect.DelegatingMethodAccessorImpl.invoke(DelegatingMethodAccessorImpl.java:43)
at java.base/java.lang.reflect.Method.invoke(Method.java:567)
at org.openqa.selenium.support.events.EventFiringWebDriver.lambda$new$0(EventFiringWebDriver.java:84)
at jdk.proxy2/jdk.proxy2.$Proxy7.onException(Unknown Source)
at org.openqa.selenium.support.events.EventFiringWebDriver.lambda$new$1(EventFiringWebDriver.java:107)
at jdk.proxy2/jdk.proxy2.$Proxy8.getScreenshotAs(Unknown Source)
at org.openqa.selenium.support.events.EventFiringWebDriver.getScreenshotAs(EventFiringWebDriver.java:302)
at com.gaurav.CommonUtils.TestUtils.takeScreenShot(TestUtils.java:58)
at com.gaurav.CommonUtils.WebEventListener.onException(WebEventListener.java:148)
at jdk.internal.reflect.GeneratedMethodAccessor5.invoke(Unknown Source)
at java.base/jdk.internal.reflect.DelegatingMethodAccessorImpl.invoke(DelegatingMethodAccessorImpl.java:43)
at java.base/java.lang.reflect.Method.invoke(Method.java:567)
at org.openqa.selenium.support.events.EventFiringWebDriver.lambda$new$0(EventFiringWebDriver.java:84)
at jdk.proxy2/jdk.proxy2.$Proxy7.onException(Unknown Source)
at org.openqa.selenium.support.events.EventFiringWebDriver.lambda$new$1(EventFiringWebDriver.java:107)
at jdk.proxy2/jdk.proxy2.$Proxy8.getScreenshotAs(Unknown Source)
at org.openqa.selenium.support.events.EventFiringWebDriver.getScreenshotAs(EventFiringWebDriver.java:302)
at com.gaurav.CommonUtils.TestUtils.takeScreenShot(TestUtils.java:58)
at com.gaurav.CommonUtils.WebEventListener.onException(WebEventListener.java:148)
at jdk.internal.reflect.GeneratedMethodAccessor5.invoke(Unknown Source)
at java.base/jdk.internal.reflect.DelegatingMethodAccessorImpl.invoke(DelegatingMethodAccessorImpl.java:43)
at java.base/java.lang.reflect.Method.invoke(Method.java:567)
at org.openqa.selenium.support.events.EventFiringWebDriver.lambda$new$0(EventFiringWebDriver.java:84)
at jdk.proxy2/jdk.proxy2.$Proxy7.onException(Unknown Source)
at org.openqa.selenium.support.events.EventFiringWebDriver.lambda$new$1(EventFiringWebDriver.java:107)
at jdk.proxy2/jdk.proxy2.$Proxy8.getScreenshotAs(Unknown Source)
at org.openqa.selenium.support.events.EventFiringWebDriver.getScreenshotAs(EventFiringWebDriver.java:302)
at com.gaurav.CommonUtils.TestUtils.takeScreenShot(TestUtils.java:58)
at com.gaurav.CommonUtils.WebEventListener.onException(WebEventListener.java:148)
at jdk.internal.reflect.GeneratedMethodAccessor5.invoke(Unknown Source)
at java.base/jdk.internal.reflect.DelegatingMethodAccessorImpl.invoke(DelegatingMethodAccessorImpl.java:43)
at java.base/java.lang.reflect.Method.invoke(Method.java:567)
at org.openqa.selenium.support.events.EventFiringWebDriver.lambda$new$0(EventFiringWebDriver.java:84)
at jdk.proxy2/jdk.proxy2.$Proxy7.onException(Unknown Source)
at org.openqa.selenium.support.events.EventFiringWebDriver.lambda$new$1(EventFiringWebDriver.java:107)
at jdk.proxy2/jdk.proxy2.$Proxy8.getScreenshotAs(Unknown Source)
at org.openqa.selenium.support.events.EventFiringWebDriver.getScreenshotAs(EventFiringWebDriver.java:302)
at com.gaurav.CommonUtils.TestUtils.takeScreenShot(TestUtils.java:58)
at com.gaurav.CommonUtils.WebEventListener.onException(WebEventListener.java:148)
at jdk.internal.reflect.GeneratedMethodAccessor5.invoke(Unknown Source)
at java.base/jdk.internal.reflect.DelegatingMethodAccessorImpl.invoke(DelegatingMethodAccessorImpl.java:43)
at java.base/java.lang.reflect.Method.invoke(Method.java:567)
at org.openqa.selenium.support.events.EventFiringWebDriver.lambda$new$0(EventFiringWebDriver.java:84)
at jdk.proxy2/jdk.proxy2.$Proxy7.onException(Unknown Source)
at org.openqa.selenium.support.events.EventFiringWebDriver.lambda$new$1(EventFiringWebDriver.java:107)
at jdk.proxy2/jdk.proxy2.$Proxy8.getScreenshotAs(Unknown Source)
at org.openqa.selenium.support.events.EventFiringWebDriver.getScreenshotAs(EventFiringWebDriver.java:302)
at com.gaurav.CommonUtils.TestUtils.takeScreenShot(TestUtils.java:58)
at com.gaurav.CommonUtils.WebEventListener.onException(WebEventListener.java:148)
at jdk.internal.reflect.GeneratedMethodAccessor5.invoke(Unknown Source)
at java.base/jdk.internal.reflect.DelegatingMethodAccessorImpl.invoke(DelegatingMethodAccessorImpl.java:43)
at java.base/java.lang.reflect.Method.invoke(Method.java:567)
at org.openqa.selenium.support.events.EventFiringWebDriver.lambda$new$0(EventFiringWebDriver.java:84)
at jdk.proxy2/jdk.proxy2.$Proxy7.onException(Unknown Source)
at org.openqa.selenium.support.events.EventFiringWebDriver.lambda$new$1(EventFiringWebDriver.java:107)
at jdk.proxy2/jdk.proxy2.$Proxy8.getScreenshotAs(Unknown Source)
at org.openqa.selenium.support.events.EventFiringWebDriver.getScreenshotAs(EventFiringWebDriver.java:302)
at com.gaurav.CommonUtils.TestUtils.takeScreenShot(TestUtils.java:58)
at com.gaurav.CommonUtils.WebEventListener.onException(WebEventListener.java:148)
at jdk.internal.reflect.GeneratedMethodAccessor5.invoke(Unknown Source)
at java.base/jdk.internal.reflect.DelegatingMethodAccessorImpl.invoke(DelegatingMethodAccessorImpl.java:43)
at java.base/java.lang.reflect.Method.invoke(Method.java:567)
at org.openqa.selenium.support.events.EventFiringWebDriver.lambda$new$0(EventFiringWebDriver.java:84)
at jdk.proxy2/jdk.proxy2.$Proxy7.onException(Unknown Source)
at org.openqa.selenium.support.events.EventFiringWebDriver.lambda$new$1(EventFiringWebDriver.java:107)
at jdk.proxy2/jdk.proxy2.$Proxy8.getScreenshotAs(Unknown Source)
at org.openqa.selenium.support.events.EventFiringWebDriver.getScreenshotAs(EventFiringWebDriver.java:302)
at com.gaurav.CommonUtils.TestUtils.takeScreenShot(TestUtils.java:58)
at com.gaurav.CommonUtils.WebEventListener.onException(WebEventListener.java:148)
at jdk.internal.reflect.GeneratedMethodAccessor5.invoke(Unknown Source)
at java.base/jdk.internal.reflect.DelegatingMethodAccessorImpl.invoke(DelegatingMethodAccessorImpl.java:43)
at java.base/java.lang.reflect.Method.invoke(Method.java:567)
at org.openqa.selenium.support.events.EventFiringWebDriver.lambda$new$0(EventFiringWebDriver.java:84)
at jdk.proxy2/jdk.proxy2.$Proxy7.onException(Unknown Source)
at org.openqa.selenium.support.events.EventFiringWebDriver.lambda$new$1(EventFiringWebDriver.java:107)
at jdk.proxy2/jdk.proxy2.$Proxy8.getScreenshotAs(Unknown Source)
at org.openqa.selenium.support.events.EventFiringWebDriver.getScreenshotAs(EventFiringWebDriver.java:302)
at com.gaurav.CommonUtils.TestUtils.takeScreenShot(TestUtils.java:58)
at com.gaurav.CommonUtils.WebEventListener.onException(WebEventListener.java:148)
at jdk.internal.reflect.GeneratedMethodAccessor5.invoke(Unknown Source)
at java.base/jdk.internal.reflect.DelegatingMethodAccessorImpl.invoke(DelegatingMethodAccessorImpl.java:43)
at java.base/java.lang.reflect.Method.invoke(Method.java:567)
at org.openqa.selenium.support.events.EventFiringWebDriver.lambda$new$0(EventFiringWebDriver.java:84)
at jdk.proxy2/jdk.proxy2.$Proxy7.onException(Unknown Source)
at org.openqa.selenium.support.events.EventFiringWebDriver.lambda$new$1(EventFiringWebDriver.java:107)
at jdk.proxy2/jdk.proxy2.$Proxy8.getScreenshotAs(Unknown Source)
at org.openqa.selenium.support.events.EventFiringWebDriver.getScreenshotAs(EventFiringWebDriver.java:302)
at com.gaurav.CommonUtils.TestUtils.takeScreenShot(TestUtils.java:58)
at com.gaurav.CommonUtils.WebEventListener.onException(WebEventListener.java:148)
at jdk.internal.reflect.GeneratedMethodAccessor5.invoke(Unknown Source)
at java.base/jdk.internal.reflect.DelegatingMethodAccessorImpl.invoke(DelegatingMethodAccessorImpl.java:43)
at java.base/java.lang.reflect.Method.invoke(Method.java:567)
at org.openqa.selenium.support.events.EventFiringWebDriver.lambda$new$0(EventFiringWebDriver.java:84)
at jdk.proxy2/jdk.proxy2.$Proxy7.onException(Unknown Source)
at org.openqa.selenium.support.events.EventFiringWebDriver.lambda$new$1(EventFiringWebDriver.java:107)
at jdk.proxy2/jdk.proxy2.$Proxy8.getScreenshotAs(Unknown Source)
at org.openqa.selenium.support.events.EventFiringWebDriver.getScreenshotAs(EventFiringWebDriver.java:302)
at com.gaurav.CommonUtils.TestUtils.takeScreenShot(TestUtils.java:58)
at com.gaurav.CommonUtils.WebEventListener.onException(WebEventListener.java:148)
at jdk.internal.reflect.GeneratedMethodAccessor5.invoke(Unknown Source)
at java.base/jdk.internal.reflect.DelegatingMethodAccessorImpl.invoke(DelegatingMethodAccessorImpl.java:43)
at java.base/java.lang.reflect.Method.invoke(Method.java:567)
at org.openqa.selenium.support.events.EventFiringWebDriver.lambda$new$0(EventFiringWebDriver.java:84)
at jdk.proxy2/jdk.proxy2.$Proxy7.onException(Unknown Source)
at org.openqa.selenium.support.events.EventFiringWebDriver.lambda$new$1(EventFiringWebDriver.java:107)
at jdk.proxy2/jdk.proxy2.$Proxy8.getScreenshotAs(Unknown Source)
at org.openqa.selenium.support.events.EventFiringWebDriver.getScreenshotAs(EventFiringWebDriver.java:302)
at com.gaurav.CommonUtils.TestUtils.takeScreenShot(TestUtils.java:58)
at com.gaurav.CommonUtils.WebEventListener.onException(WebEventListener.java:148)
at jdk.internal.reflect.GeneratedMethodAccessor5.invoke(Unknown Source)
at java.base/jdk.internal.reflect.DelegatingMethodAccessorImpl.invoke(DelegatingMethodAccessorImpl.java:43)
at java.base/java.lang.reflect.Method.invoke(Method.java:567)
at org.openqa.selenium.support.events.EventFiringWebDriver.lambda$new$0(EventFiringWebDriver.java:84)
at jdk.proxy2/jdk.proxy2.$Proxy7.onException(Unknown Source)
at org.openqa.selenium.support.events.EventFiringWebDriver.lambda$new$1(EventFiringWebDriver.java:107)
at jdk.proxy2/jdk.proxy2.$Proxy8.getScreenshotAs(Unknown Source)
at org.openqa.selenium.support.events.EventFiringWebDriver.getScreenshotAs(EventFiringWebDriver.java:302)
at com.gaurav.CommonUtils.TestUtils.takeScreenShot(TestUtils.java:58)
at com.gaurav.CommonUtils.WebEventListener.onException(WebEventListener.java:148)
at jdk.internal.reflect.GeneratedMethodAccessor5.invoke(Unknown Source)
at java.base/jdk.internal.reflect.DelegatingMethodAccessorImpl.invoke(DelegatingMethodAccessorImpl.java:43)
at java.base/java.lang.reflect.Method.invoke(Method.java:567)
at org.openqa.selenium.support.events.EventFiringWebDriver.lambda$new$0(EventFiringWebDriver.java:84)
at jdk.proxy2/jdk.proxy2.$Proxy7.onException(Unknown Source)
at org.openqa.selenium.support.events.EventFiringWebDriver.lambda$new$1(EventFiringWebDriver.java:107)
at jdk.proxy2/jdk.proxy2.$Proxy8.getScreenshotAs(Unknown Source)
at org.openqa.selenium.support.events.EventFiringWebDriver.getScreenshotAs(EventFiringWebDriver.java:302)
at com.gaurav.CommonUtils.TestUtils.takeScreenShot(TestUtils.java:58)
at com.gaurav.CommonUtils.WebEventListener.onException(WebEventListener.java:148)
at jdk.internal.reflect.GeneratedMethodAccessor5.invoke(Unknown Source)
at java.base/jdk.internal.reflect.DelegatingMethodAccessorImpl.invoke(DelegatingMethodAccessorImpl.java:43)
at java.base/java.lang.reflect.Method.invoke(Method.java:567)
at org.openqa.selenium.support.events.EventFiringWebDriver.lambda$new$0(EventFiringWebDriver.java:84)
at jdk.proxy2/jdk.proxy2.$Proxy7.onException(Unknown Source)
at org.openqa.selenium.support.events.EventFiringWebDriver.lambda$new$1(EventFiringWebDriver.java:107)
at jdk.proxy2/jdk.proxy2.$Proxy8.getScreenshotAs(Unknown Source)
at org.openqa.selenium.support.events.EventFiringWebDriver.getScreenshotAs(EventFiringWebDriver.java:302)
at com.gaurav.CommonUtils.TestUtils.takeScreenShot(TestUtils.java:58)
at com.gaurav.CommonUtils.WebEventListener.onException(WebEventListener.java:148)
at jdk.internal.reflect.GeneratedMethodAccessor5.invoke(Unknown Source)
at java.base/jdk.internal.reflect.DelegatingMethodAccessorImpl.invoke(DelegatingMethodAccessorImpl.java:43)
at java.base/java.lang.reflect.Method.invoke(Method.java:567)
at org.openqa.selenium.support.events.EventFiringWebDriver.lambda$new$0(EventFiringWebDriver.java:84)
at jdk.proxy2/jdk.proxy2.$Proxy7.onException(Unknown Source)
at org.openqa.selenium.support.events.EventFiringWebDriver.lambda$new$1(EventFiringWebDriver.java:107)
at jdk.proxy2/jdk.proxy2.$Proxy8.getScreenshotAs(Unknown Source)
at org.openqa.selenium.support.events.EventFiringWebDriver.getScreenshotAs(EventFiringWebDriver.java:302)
at com.gaurav.CommonUtils.TestUtils.takeScreenShot(TestUtils.java:58)
at com.gaurav.CommonUtils.WebEventListener.onException(WebEventListener.java:148)
at jdk.internal.reflect.GeneratedMethodAccessor5.invoke(Unknown Source)
at java.base/jdk.internal.reflect.DelegatingMethodAccessorImpl.invoke(DelegatingMethodAccessorImpl.java:43)
at java.base/java.lang.reflect.Method.invoke(Method.java:567)
at org.openqa.selenium.support.events.EventFiringWebDriver.lambda$new$0(EventFiringWebDriver.java:84)
at jdk.proxy2/jdk.proxy2.$Proxy7.onException(Unknown Source)
at org.openqa.selenium.support.events.EventFiringWebDriver.lambda$new$1(EventFiringWebDriver.java:107)
at jdk.proxy2/jdk.proxy2.$Proxy8.getScreenshotAs(Unknown Source)
at org.openqa.selenium.support.events.EventFiringWebDriver.getScreenshotAs(EventFiringWebDriver.java:302)
at com.gaurav.CommonUtils.TestUtils.takeScreenShot(TestUtils.java:58)
at com.gaurav.CommonUtils.WebEventListener.onException(WebEventListener.java:148)
at jdk.internal.reflect.GeneratedMethodAccessor5.invoke(Unknown Source)
at java.base/jdk.internal.reflect.DelegatingMethodAccessorImpl.invoke(DelegatingMethodAccessorImpl.java:43)
at java.base/java.lang.reflect.Method.invoke(Method.java:567)
at org.openqa.selenium.support.events.EventFiringWebDriver.lambda$new$0(EventFiringWebDriver.java:84)
at jdk.proxy2/jdk.proxy2.$Proxy7.onException(Unknown Source)
at org.openqa.selenium.support.events.EventFiringWebDriver.lambda$new$1(EventFiringWebDriver.java:107)
at jdk.proxy2/jdk.proxy2.$Proxy8.getScreenshotAs(Unknown Source)
at org.openqa.selenium.support.events.EventFiringWebDriver.getScreenshotAs(EventFiringWebDriver.java:302)
at com.gaurav.CommonUtils.TestUtils.takeScreenShot(TestUtils.java:58)
at com.gaurav.CommonUtils.WebEventListener.onException(WebEventListener.java:148)
at jdk.internal.reflect.GeneratedMethodAccessor5.invoke(Unknown Source)
at java.base/jdk.internal.reflect.DelegatingMethodAccessorImpl.invoke(DelegatingMethodAccessorImpl.java:43)
at java.base/java.lang.reflect.Method.invoke(Method.java:567)
at org.openqa.selenium.support.events.EventFiringWebDriver.lambda$new$0(EventFiringWebDriver.java:84)
at jdk.proxy2/jdk.proxy2.$Proxy7.onException(Unknown Source)
at org.openqa.selenium.support.events.EventFiringWebDriver.lambda$new$1(EventFiringWebDriver.java:107)
at jdk.proxy2/jdk.proxy2.$Proxy8.getScreenshotAs(Unknown Source)
at org.openqa.selenium.support.events.EventFiringWebDriver.getScreenshotAs(EventFiringWebDriver.java:302)
at com.gaurav.CommonUtils.TestUtils.takeScreenShot(TestUtils.java:58)
at com.gaurav.CommonUtils.WebEventListener.onException(WebEventListener.java:148)
at jdk.internal.reflect.GeneratedMethodAccessor5.invoke(Unknown Source)
at java.base/jdk.internal.reflect.DelegatingMethodAccessorImpl.invoke(DelegatingMethodAccessorImpl.java:43)
at java.base/java.lang.reflect.Method.invoke(Method.java:567)
at org.openqa.selenium.support.events.EventFiringWebDriver.lambda$new$0(EventFiringWebDriver.java:84)
at jdk.proxy2/jdk.proxy2.$Proxy7.onException(Unknown Source)
at org.openqa.selenium.support.events.EventFiringWebDriver.lambda$new$1(EventFiringWebDriver.java:107)
at jdk.proxy2/jdk.proxy2.$Proxy8.getScreenshotAs(Unknown Source)
at org.openqa.selenium.support.events.EventFiringWebDriver.getScreenshotAs(EventFiringWebDriver.java:302)
at com.gaurav.CommonUtils.TestUtils.takeScreenShot(TestUtils.java:58)
at com.gaurav.CommonUtils.WebEventListener.onException(WebEventListener.java:148)
at jdk.internal.reflect.GeneratedMethodAccessor5.invoke(Unknown Source)
at java.base/jdk.internal.reflect.DelegatingMethodAccessorImpl.invoke(DelegatingMethodAccessorImpl.java:43)
at java.base/java.lang.reflect.Method.invoke(Method.java:567)
at org.openqa.selenium.support.events.EventFiringWebDriver.lambda$new$0(EventFiringWebDriver.java:84)
at jdk.proxy2/jdk.proxy2.$Proxy7.onException(Unknown Source)
at org.openqa.selenium.support.events.EventFiringWebDriver.lambda$new$1(EventFiringWebDriver.java:107)
at jdk.proxy2/jdk.proxy2.$Proxy8.getScreenshotAs(Unknown Source)
at org.openqa.selenium.support.events.EventFiringWebDriver.getScreenshotAs(EventFiringWebDriver.java:302)
at com.gaurav.CommonUtils.TestUtils.takeScreenShot(TestUtils.java:58)
at com.gaurav.CommonUtils.WebEventListener.onException(WebEventListener.java:148)
at jdk.internal.reflect.GeneratedMethodAccessor5.invoke(Unknown Source)
at java.base/jdk.internal.reflect.DelegatingMethodAccessorImpl.invoke(DelegatingMethodAccessorImpl.java:43)
at java.base/java.lang.reflect.Method.invoke(Method.java:567)
at org.openqa.selenium.support.events.EventFiringWebDriver.lambda$new$0(EventFiringWebDriver.java:84)
at jdk.proxy2/jdk.proxy2.$Proxy7.onException(Unknown Source)
at org.openqa.selenium.support.events.EventFiringWebDriver.lambda$new$1(EventFiringWebDriver.java:107)
at jdk.proxy2/jdk.proxy2.$Proxy8.getScreenshotAs(Unknown Source)
at org.openqa.selenium.support.events.EventFiringWebDriver.getScreenshotAs(EventFiringWebDriver.java:302)
at com.gaurav.CommonUtils.TestUtils.takeScreenShot(TestUtils.java:58)
at com.gaurav.CommonUtils.WebEventListener.onException(WebEventListener.java:148)
at jdk.internal.reflect.GeneratedMethodAccessor5.invoke(Unknown Source)
at java.base/jdk.internal.reflect.DelegatingMethodAccessorImpl.invoke(DelegatingMethodAccessorImpl.java:43)
at java.base/java.lang.reflect.Method.invoke(Method.java:567)
at org.openqa.selenium.support.events.EventFiringWebDriver.lambda$new$0(EventFiringWebDriver.java:84)
at jdk.proxy2/jdk.proxy2.$Proxy7.onException(Unknown Source)
at org.openqa.selenium.support.events.EventFiringWebDriver.lambda$new$1(EventFiringWebDriver.java:107)
at jdk.proxy2/jdk.proxy2.$Proxy8.getScreenshotAs(Unknown Source)
at org.openqa.selenium.support.events.EventFiringWebDriver.getScreenshotAs(EventFiringWebDriver.java:302)
at com.gaurav.CommonUtils.TestUtils.takeScreenShot(TestUtils.java:58)
at com.gaurav.CommonUtils.WebEventListener.onException(WebEventListener.java:148)
at jdk.internal.reflect.GeneratedMethodAccessor5.invoke(Unknown Source)
at java.base/jdk.internal.reflect.DelegatingMethodAccessorImpl.invoke(DelegatingMethodAccessorImpl.java:43)
at java.base/java.lang.reflect.Method.invoke(Method.java:567)
at org.openqa.selenium.support.events.EventFiringWebDriver.lambda$new$0(EventFiringWebDriver.java:84)
at jdk.proxy2/jdk.proxy2.$Proxy7.onException(Unknown Source)
at org.openqa.selenium.support.events.EventFiringWebDriver.lambda$new$1(EventFiringWebDriver.java:107)
at jdk.proxy2/jdk.proxy2.$Proxy8.getScreenshotAs(Unknown Source)
at org.openqa.selenium.support.events.EventFiringWebDriver.getScreenshotAs(EventFiringWebDriver.java:302)
at com.gaurav.CommonUtils.TestUtils.takeScreenShot(TestUtils.java:58)
at com.gaurav.CommonUtils.WebEventListener.onException(WebEventListener.java:148)
at jdk.internal.reflect.GeneratedMethodAccessor5.invoke(Unknown Source)
at java.base/jdk.internal.reflect.DelegatingMethodAccessorImpl.invoke(DelegatingMethodAccessorImpl.java:43)
at java.base/java.lang.reflect.Method.invoke(Method.java:567)
at org.openqa.selenium.support.events.EventFiringWebDriver.lambda$new$0(EventFiringWebDriver.java:84)
at jdk.proxy2/jdk.proxy2.$Proxy7.onException(Unknown Source)
at org.openqa.selenium.support.events.EventFiringWebDriver.lambda$new$1(EventFiringWebDriver.java:107)
at jdk.proxy2/jdk.proxy2.$Proxy8.getScreenshotAs(Unknown Source)
at org.openqa.selenium.support.events.EventFiringWebDriver.getScreenshotAs(EventFiringWebDriver.java:302)
at com.gaurav.CommonUtils.TestUtils.takeScreenShot(TestUtils.java:58)
at com.gaurav.CommonUtils.WebEventListener.onException(WebEventListener.java:148)
at jdk.internal.reflect.GeneratedMethodAccessor5.invoke(Unknown Source)
at java.base/jdk.internal.reflect.DelegatingMethodAccessorImpl.invoke(DelegatingMethodAccessorImpl.java:43)
at java.base/java.lang.reflect.Method.invoke(Method.java:567)
at org.openqa.selenium.support.events.EventFiringWebDriver.lambda$new$0(EventFiringWebDriver.java:84)
at jdk.proxy2/jdk.proxy2.$Proxy7.onException(Unknown Source)
at org.openqa.selenium.support.events.EventFiringWebDriver.lambda$new$1(EventFiringWebDriver.java:107)
at jdk.proxy2/jdk.proxy2.$Proxy8.getScreenshotAs(Unknown Source)
at org.openqa.selenium.support.events.EventFiringWebDriver.getScreenshotAs(EventFiringWebDriver.java:302)
at com.gaurav.CommonUtils.TestUtils.takeScreenShot(TestUtils.java:58)
at com.gaurav.CommonUtils.WebEventListener.onException(WebEventListener.java:148)
at jdk.internal.reflect.GeneratedMethodAccessor5.invoke(Unknown Source)
at java.base/jdk.internal.reflect.DelegatingMethodAccessorImpl.invoke(DelegatingMethodAccessorImpl.java:43)
at java.base/java.lang.reflect.Method.invoke(Method.java:567)
at org.openqa.selenium.support.events.EventFiringWebDriver.lambda$new$0(EventFiringWebDriver.java:84)
at jdk.proxy2/jdk.proxy2.$Proxy7.onException(Unknown Source)
at org.openqa.selenium.support.events.EventFiringWebDriver.lambda$new$1(EventFiringWebDriver.java:107)
at jdk.proxy2/jdk.proxy2.$Proxy8.getScreenshotAs(Unknown Source)
at org.openqa.selenium.support.events.EventFiringWebDriver.getScreenshotAs(EventFiringWebDriver.java:302)
at com.gaurav.CommonUtils.TestUtils.takeScreenShot(TestUtils.java:58)
at com.gaurav.CommonUtils.WebEventListener.onException(WebEventListener.java:148)
at jdk.internal.reflect.GeneratedMethodAccessor5.invoke(Unknown Source)
at java.base/jdk.internal.reflect.DelegatingMethodAccessorImpl.invoke(DelegatingMethodAccessorImpl.java:43)
at java.base/java.lang.reflect.Method.invoke(Method.java:567)
at org.openqa.selenium.support.events.EventFiringWebDriver.lambda$new$0(EventFiringWebDriver.java:84)
at jdk.proxy2/jdk.proxy2.$Proxy7.onException(Unknown Source)
at org.openqa.selenium.support.events.EventFiringWebDriver.lambda$new$1(EventFiringWebDriver.java:107)
at jdk.proxy2/jdk.proxy2.$Proxy8.getScreenshotAs(Unknown Source)
at org.openqa.selenium.support.events.EventFiringWebDriver.getScreenshotAs(EventFiringWebDriver.java:302)
at com.gaurav.CommonUtils.TestUtils.takeScreenShot(TestUtils.java:58)
at com.gaurav.CommonUtils.WebEventListener.onException(WebEventListener.java:148)
at jdk.internal.reflect.GeneratedMethodAccessor5.invoke(Unknown Source)
at java.base/jdk.internal.reflect.DelegatingMethodAccessorImpl.invoke(DelegatingMethodAccessorImpl.java:43)
at java.base/java.lang.reflect.Method.invoke(Method.java:567)
at org.openqa.selenium.support.events.EventFiringWebDriver.lambda$new$0(EventFiringWebDriver.java:84)
at jdk.proxy2/jdk.proxy2.$Proxy7.onException(Unknown Source)
at org.openqa.selenium.support.events.EventFiringWebDriver.lambda$new$1(EventFiringWebDriver.java:107)
at jdk.proxy2/jdk.proxy2.$Proxy8.getScreenshotAs(Unknown Source)
at org.openqa.selenium.support.events.EventFiringWebDriver.getScreenshotAs(EventFiringWebDriver.java:302)
at com.gaurav.CommonUtils.TestUtils.takeScreenShot(TestUtils.java:58)
at com.gaurav.CommonUtils.WebEventListener.onException(WebEventListener.java:148)
at jdk.internal.reflect.GeneratedMethodAccessor5.invoke(Unknown Source)
at java.base/jdk.internal.reflect.DelegatingMethodAccessorImpl.invoke(DelegatingMethodAccessorImpl.java:43)
at java.base/java.lang.reflect.Method.invoke(Method.java:567)
at org.openqa.selenium.support.events.EventFiringWebDriver.lambda$new$0(EventFiringWebDriver.java:84)
at jdk.proxy2/jdk.proxy2.$Proxy7.onException(Unknown Source)
at org.openqa.selenium.support.events.EventFiringWebDriver.lambda$new$1(EventFiringWebDriver.java:107)
at jdk.proxy2/jdk.proxy2.$Proxy8.getScreenshotAs(Unknown Source)
at org.openqa.selenium.support.events.EventFiringWebDriver.getScreenshotAs(EventFiringWebDriver.java:302)
at com.gaurav.CommonUtils.TestUtils.takeScreenShot(TestUtils.java:58)
at com.gaurav.CommonUtils.WebEventListener.onException(WebEventListener.java:148)
at jdk.internal.reflect.GeneratedMethodAccessor5.invoke(Unknown Source)
at java.base/jdk.internal.reflect.DelegatingMethodAccessorImpl.invoke(DelegatingMethodAccessorImpl.java:43)
at java.base/java.lang.reflect.Method.invoke(Method.java:567)
at org.openqa.selenium.support.events.EventFiringWebDriver.lambda$new$0(EventFiringWebDriver.java:84)
at jdk.proxy2/jdk.proxy2.$Proxy7.onException(Unknown Source)
at org.openqa.selenium.support.events.EventFiringWebDriver.lambda$new$1(EventFiringWebDriver.java:107)
at jdk.proxy2/jdk.proxy2.$Proxy8.getScreenshotAs(Unknown Source)
at org.openqa.selenium.support.events.EventFiringWebDriver.getScreenshotAs(EventFiringWebDriver.java:302)
at com.gaurav.CommonUtils.TestUtils.takeScreenShot(TestUtils.java:58)
at com.gaurav.CommonUtils.WebEventListener.onException(WebEventListener.java:148)
at jdk.internal.reflect.GeneratedMethodAccessor5.invoke(Unknown Source)
at java.base/jdk.internal.reflect.DelegatingMethodAccessorImpl.invoke(DelegatingMethodAccessorImpl.java:43)
at java.base/java.lang.reflect.Method.invoke(Method.java:567)
at org.openqa.selenium.support.events.EventFiringWebDriver.lambda$new$0(EventFiringWebDriver.java:84)
at jdk.proxy2/jdk.proxy2.$Proxy7.onException(Unknown Source)
at org.openqa.selenium.support.events.EventFiringWebDriver.lambda$new$1(EventFiringWebDriver.java:107)
at jdk.proxy2/jdk.proxy2.$Proxy8.getScreenshotAs(Unknown Source)
at org.openqa.selenium.support.events.EventFiringWebDriver.getScreenshotAs(EventFiringWebDriver.java:302)
at com.gaurav.CommonUtils.TestUtils.takeScreenShot(TestUtils.java:58)
at com.gaurav.CommonUtils.WebEventListener.onException(WebEventListener.java:148)
at jdk.internal.reflect.GeneratedMethodAccessor5.invoke(Unknown Source)
at java.base/jdk.internal.reflect.DelegatingMethodAccessorImpl.invoke(DelegatingMethodAccessorImpl.java:43)
at java.base/java.lang.reflect.Method.invoke(Method.java:567)
at org.openqa.selenium.support.events.EventFiringWebDriver.lambda$new$0(EventFiringWebDriver.java:84)
at jdk.proxy2/jdk.proxy2.$Proxy7.onException(Unknown Source)
at org.openqa.selenium.support.events.EventFiringWebDriver.lambda$new$1(EventFiringWebDriver.java:107)
at jdk.proxy2/jdk.proxy2.$Proxy8.getScreenshotAs(Unknown Source)
at org.openqa.selenium.support.events.EventFiringWebDriver.getScreenshotAs(EventFiringWebDriver.java:302)
at com.gaurav.CommonUtils.TestUtils.takeScreenShot(TestUtils.java:58)
at com.gaurav.CommonUtils.WebEventListener.onException(WebEventListener.java:148)
at jdk.internal.reflect.GeneratedMethodAccessor5.invoke(Unknown Source)
at java.base/jdk.internal.reflect.DelegatingMethodAccessorImpl.invoke(DelegatingMethodAccessorImpl.java:43)
at java.base/java.lang.reflect.Method.invoke(Method.java:567)
at org.openqa.selenium.support.events.EventFiringWebDriver.lambda$new$0(EventFiringWebDriver.java:84)
at jdk.proxy2/jdk.proxy2.$Proxy7.onException(Unknown Source)
at org.openqa.selenium.support.events.EventFiringWebDriver.lambda$new$1(EventFiringWebDriver.java:107)
at jdk.proxy2/jdk.proxy2.$Proxy8.getScreenshotAs(Unknown Source)
at org.openqa.selenium.support.events.EventFiringWebDriver.getScreenshotAs(EventFiringWebDriver.java:302)
at com.gaurav.CommonUtils.TestUtils.takeScreenShot(TestUtils.java:58)
at com.gaurav.CommonUtils.WebEventListener.onException(WebEventListener.java:148)
at jdk.internal.reflect.GeneratedMethodAccessor5.invoke(Unknown Source)
at java.base/jdk.internal.reflect.DelegatingMethodAccessorImpl.invoke(DelegatingMethodAccessorImpl.java:43)
at java.base/java.lang.reflect.Method.invoke(Method.java:567)
at org.openqa.selenium.support.events.EventFiringWebDriver.lambda$new$0(EventFiringWebDriver.java:84)
at jdk.proxy2/jdk.proxy2.$Proxy7.onException(Unknown Source)
at org.openqa.selenium.support.events.EventFiringWebDriver.lambda$new$1(EventFiringWebDriver.java:107)
at jdk.proxy2/jdk.proxy2.$Proxy8.getScreenshotAs(Unknown Source)
at org.openqa.selenium.support.events.EventFiringWebDriver.getScreenshotAs(EventFiringWebDriver.java:302)
at com.gaurav.CommonUtils.TestUtils.takeScreenShot(TestUtils.java:58)
at com.gaurav.CommonUtils.WebEventListener.onException(WebEventListener.java:148)
at jdk.internal.reflect.GeneratedMethodAccessor5.invoke(Unknown Source)
at java.base/jdk.internal.reflect.DelegatingMethodAccessorImpl.invoke(DelegatingMethodAccessorImpl.java:43)
at java.base/java.lang.reflect.Method.invoke(Method.java:567)
at org.openqa.selenium.support.events.EventFiringWebDriver.lambda$new$0(EventFiringWebDriver.java:84)
at jdk.proxy2/jdk.proxy2.$Proxy7.onException(Unknown Source)
at org.openqa.selenium.support.events.EventFiringWebDriver.lambda$new$1(EventFiringWebDriver.java:107)
at jdk.proxy2/jdk.proxy2.$Proxy8.getScreenshotAs(Unknown Source)
at org.openqa.selenium.support.events.EventFiringWebDriver.getScreenshotAs(EventFiringWebDriver.java:302)
at com.gaurav.CommonUtils.TestUtils.takeScreenShot(TestUtils.java:58)
at com.gaurav.CommonUtils.WebEventListener.onException(WebEventListener.java:148)
at jdk.internal.reflect.GeneratedMethodAccessor5.invoke(Unknown Source)
at java.base/jdk.internal.reflect.DelegatingMethodAccessorImpl.invoke(DelegatingMethodAccessorImpl.java:43)
at java.base/java.lang.reflect.Method.invoke(Method.java:567)
at org.openqa.selenium.support.events.EventFiringWebDriver.lambda$new$0(EventFiringWebDriver.java:84)
at jdk.proxy2/jdk.proxy2.$Proxy7.onException(Unknown Source)
at org.openqa.selenium.support.events.EventFiringWebDriver.lambda$new$1(EventFiringWebDriver.java:107)
at jdk.proxy2/jdk.proxy2.$Proxy8.getScreenshotAs(Unknown Source)
at org.openqa.selenium.support.events.EventFiringWebDriver.getScreenshotAs(EventFiringWebDriver.java:302)
at com.gaurav.CommonUtils.TestUtils.takeScreenShot(TestUtils.java:58)
at com.gaurav.CommonUtils.WebEventListener.onException(WebEventListener.java:148)
at jdk.internal.reflect.GeneratedMethodAccessor5.invoke(Unknown Source)
at java.base/jdk.internal.reflect.DelegatingMethodAccessorImpl.invoke(DelegatingMethodAccessorImpl.java:43)
at java.base/java.lang.reflect.Method.invoke(Method.java:567)
at org.openqa.selenium.support.events.EventFiringWebDriver.lambda$new$0(EventFiringWebDriver.java:84)
at jdk.proxy2/jdk.proxy2.$Proxy7.onException(Unknown Source)
at org.openqa.selenium.support.events.EventFiringWebDriver.lambda$new$1(EventFiringWebDriver.java:107)
at jdk.proxy2/jdk.proxy2.$Proxy8.getScreenshotAs(Unknown Source)
at org.openqa.selenium.support.events.EventFiringWebDriver.getScreenshotAs(EventFiringWebDriver.java:302)
at com.gaurav.CommonUtils.TestUtils.takeScreenShot(TestUtils.java:58)
at com.gaurav.CommonUtils.WebEventListener.onException(WebEventListener.java:148)
at jdk.internal.reflect.GeneratedMethodAccessor5.invoke(Unknown Source)
at java.base/jdk.internal.reflect.DelegatingMethodAccessorImpl.invoke(DelegatingMethodAccessorImpl.java:43)
at java.base/java.lang.reflect.Method.invoke(Method.java:567)
at org.openqa.selenium.support.events.EventFiringWebDriver.lambda$new$0(EventFiringWebDriver.java:84)
at jdk.proxy2/jdk.proxy2.$Proxy7.onException(Unknown Source)
at org.openqa.selenium.support.events.EventFiringWebDriver.lambda$new$1(EventFiringWebDriver.java:107)
at jdk.proxy2/jdk.proxy2.$Proxy8.getScreenshotAs(Unknown Source)
at org.openqa.selenium.support.events.EventFiringWebDriver.getScreenshotAs(EventFiringWebDriver.java:302)
at com.gaurav.CommonUtils.TestUtils.takeScreenShot(TestUtils.java:58)
at com.gaurav.CommonUtils.WebEventListener.onException(WebEventListener.java:148)
at jdk.internal.reflect.GeneratedMethodAccessor5.invoke(Unknown Source)
at java.base/jdk.internal.reflect.DelegatingMethodAccessorImpl.invoke(DelegatingMethodAccessorImpl.java:43)
at java.base/java.lang.reflect.Method.invoke(Method.java:567)
at org.openqa.selenium.support.events.EventFiringWebDriver.lambda$new$0(EventFiringWebDriver.java:84)
at jdk.proxy2/jdk.proxy2.$Proxy7.onException(Unknown Source)
at org.openqa.selenium.support.events.EventFiringWebDriver.lambda$new$1(EventFiringWebDriver.java:107)
at jdk.proxy2/jdk.proxy2.$Proxy8.getScreenshotAs(Unknown Source)
at org.openqa.selenium.support.events.EventFiringWebDriver.getScreenshotAs(EventFiringWebDriver.java:302)
at com.gaurav.CommonUtils.TestUtils.takeScreenShot(TestUtils.java:58)
at com.gaurav.CommonUtils.WebEventListener.onException(WebEventListener.java:148)
at jdk.internal.reflect.GeneratedMethodAccessor5.invoke(Unknown Source)
at java.base/jdk.internal.reflect.DelegatingMethodAccessorImpl.invoke(DelegatingMethodAccessorImpl.java:43)
at java.base/java.lang.reflect.Method.invoke(Method.java:567)
at org.openqa.selenium.support.events.EventFiringWebDriver.lambda$new$0(EventFiringWebDriver.java:84)
at jdk.proxy2/jdk.proxy2.$Proxy7.onException(Unknown Source)
at org.openqa.selenium.support.events.EventFiringWebDriver.lambda$new$1(EventFiringWebDriver.java:107)
at jdk.proxy2/jdk.proxy2.$Proxy8.getScreenshotAs(Unknown Source)
at org.openqa.selenium.support.events.EventFiringWebDriver.getScreenshotAs(EventFiringWebDriver.java:302)
at com.gaurav.CommonUtils.TestUtils.takeScreenShot(TestUtils.java:58)
at com.gaurav.CommonUtils.WebEventListener.onException(WebEventListener.java:148)
at jdk.internal.reflect.GeneratedMethodAccessor5.invoke(Unknown Source)
at java.base/jdk.internal.reflect.DelegatingMethodAccessorImpl.invoke(DelegatingMethodAccessorImpl.java:43)
at java.base/java.lang.reflect.Method.invoke(Method.java:567)
at org.openqa.selenium.support.events.EventFiringWebDriver.lambda$new$0(EventFiringWebDriver.java:84)
at jdk.proxy2/jdk.proxy2.$Proxy7.onException(Unknown Source)
at org.openqa.selenium.support.events.EventFiringWebDriver.lambda$new$1(EventFiringWebDriver.java:107)
at jdk.proxy2/jdk.proxy2.$Proxy8.getScreenshotAs(Unknown Source)
at org.openqa.selenium.support.events.EventFiringWebDriver.getScreenshotAs(EventFiringWebDriver.java:302)
at com.gaurav.CommonUtils.TestUtils.takeScreenShot(TestUtils.java:58)
at com.gaurav.CommonUtils.WebEventListener.onException(WebEventListener.java:148)
at jdk.internal.reflect.GeneratedMethodAccessor5.invoke(Unknown Source)
at java.base/jdk.internal.reflect.DelegatingMethodAccessorImpl.invoke(DelegatingMethodAccessorImpl.java:43)
at java.base/java.lang.reflect.Method.invoke(Method.java:567)
at org.openqa.selenium.support.events.EventFiringWebDriver.lambda$new$0(EventFiringWebDriver.java:84)
at jdk.proxy2/jdk.proxy2.$Proxy7.onException(Unknown Source)
at org.openqa.selenium.support.events.EventFiringWebDriver.lambda$new$1(EventFiringWebDriver.java:107)
at jdk.proxy2/jdk.proxy2.$Proxy8.getScreenshotAs(Unknown Source)
at org.openqa.selenium.support.events.EventFiringWebDriver.getScreenshotAs(EventFiringWebDriver.java:302)
at com.gaurav.CommonUtils.TestUtils.takeScreenShot(TestUtils.java:58)
at com.gaurav.CommonUtils.WebEventListener.onException(WebEventListener.java:148)
at jdk.internal.reflect.GeneratedMethodAccessor5.invoke(Unknown Source)
at java.base/jdk.internal.reflect.DelegatingMethodAccessorImpl.invoke(DelegatingMethodAccessorImpl.java:43)
at java.base/java.lang.reflect.Method.invoke(Method.java:567)
at org.openqa.selenium.support.events.EventFiringWebDriver.lambda$new$0(EventFiringWebDriver.java:84)
at jdk.proxy2/jdk.proxy2.$Proxy7.onException(Unknown Source)
at org.openqa.selenium.support.events.EventFiringWebDriver.lambda$new$1(EventFiringWebDriver.java:107)
at jdk.proxy2/jdk.proxy2.$Proxy8.getScreenshotAs(Unknown Source)
at org.openqa.selenium.support.events.EventFiringWebDriver.getScreenshotAs(EventFiringWebDriver.java:302)
at com.gaurav.CommonUtils.TestUtils.takeScreenShot(TestUtils.java:58)
at com.gaurav.CommonUtils.WebEventListener.onException(WebEventListener.java:148)
at jdk.internal.reflect.GeneratedMethodAccessor5.invoke(Unknown Source)
at java.base/jdk.internal.reflect.DelegatingMethodAccessorImpl.invoke(DelegatingMethodAccessorImpl.java:43)
at java.base/java.lang.reflect.Method.invoke(Method.java:567)
at org.openqa.selenium.support.events.EventFiringWebDriver.lambda$new$0(EventFiringWebDriver.java:84)
at jdk.proxy2/jdk.proxy2.$Proxy7.onException(Unknown Source)
at org.openqa.selenium.support.events.EventFiringWebDriver.lambda$new$1(EventFiringWebDriver.java:107)
at jdk.proxy2/jdk.proxy2.$Proxy8.getScreenshotAs(Unknown Source)
at org.openqa.selenium.support.events.EventFiringWebDriver.getScreenshotAs(EventFiringWebDriver.java:302)
at com.gaurav.CommonUtils.TestUtils.takeScreenShot(TestUtils.java:58)
at com.gaurav.CommonUtils.WebEventListener.onException(WebEventListener.java:148)
at jdk.internal.reflect.GeneratedMethodAccessor5.invoke(Unknown Source)
at java.base/jdk.internal.reflect.DelegatingMethodAccessorImpl.invoke(DelegatingMethodAccessorImpl.java:43)
at java.base/java.lang.reflect.Method.invoke(Method.java:567)
at org.openqa.selenium.support.events.EventFiringWebDriver.lambda$new$0(EventFiringWebDriver.java:84)
at jdk.proxy2/jdk.proxy2.$Proxy7.onException(Unknown Source)
at org.openqa.selenium.support.events.EventFiringWebDriver.lambda$new$1(EventFiringWebDriver.java:107)
at jdk.proxy2/jdk.proxy2.$Proxy8.getScreenshotAs(Unknown Source)
at org.openqa.selenium.support.events.EventFiringWebDriver.getScreenshotAs(EventFiringWebDriver.java:302)
at com.gaurav.CommonUtils.TestUtils.takeScreenShot(TestUtils.java:58)
at com.gaurav.CommonUtils.WebEventListener.onException(WebEventListener.java:148)
at jdk.internal.reflect.GeneratedMethodAccessor5.invoke(Unknown Source)
at java.base/jdk.internal.reflect.DelegatingMethodAccessorImpl.invoke(DelegatingMethodAccessorImpl.java:43)
at java.base/java.lang.reflect.Method.invoke(Method.java:567)
at org.openqa.selenium.support.events.EventFiringWebDriver.lambda$new$0(EventFiringWebDriver.java:84)
at jdk.proxy2/jdk.proxy2.$Proxy7.onException(Unknown Source)
at org.openqa.selenium.support.events.EventFiringWebDriver.lambda$new$1(EventFiringWebDriver.java:107)
at jdk.proxy2/jdk.proxy2.$Proxy8.getScreenshotAs(Unknown Source)
at org.openqa.selenium.support.events.EventFiringWebDriver.getScreenshotAs(EventFiringWebDriver.java:302)
at com.gaurav.CommonUtils.TestUtils.takeScreenShot(TestUtils.java:58)
at com.gaurav.CommonUtils.WebEventListener.onException(WebEventListener.java:148)
at jdk.internal.reflect.GeneratedMethodAccessor5.invoke(Unknown Source)
at java.base/jdk.internal.reflect.DelegatingMethodAccessorImpl.invoke(DelegatingMethodAccessorImpl.java:43)
at java.base/java.lang.reflect.Method.invoke(Method.java:567)
at org.openqa.selenium.support.events.EventFiringWebDriver.lambda$new$0(EventFiringWebDriver.java:84)
at jdk.proxy2/jdk.proxy2.$Proxy7.onException(Unknown Source)
at org.openqa.selenium.support.events.EventFiringWebDriver.lambda$new$1(EventFiringWebDriver.java:107)
at jdk.proxy2/jdk.proxy2.$Proxy8.getScreenshotAs(Unknown Source)
at org.openqa.selenium.support.events.EventFiringWebDriver.getScreenshotAs(EventFiringWebDriver.java:302)
at com.gaurav.CommonUtils.TestUtils.takeScreenShot(TestUtils.java:58)
at com.gaurav.CommonUtils.WebEventListener.onException(WebEventListener.java:148)
at jdk.internal.reflect.GeneratedMethodAccessor5.invoke(Unknown Source)
at java.base/jdk.internal.reflect.DelegatingMethodAccessorImpl.invoke(DelegatingMethodAccessorImpl.java:43)
at java.base/java.lang.reflect.Method.invoke(Method.java:567)
at org.openqa.selenium.support.events.EventFiringWebDriver.lambda$new$0(EventFiringWebDriver.java:84)
at jdk.proxy2/jdk.proxy2.$Proxy7.onException(Unknown Source)
at org.openqa.selenium.support.events.EventFiringWebDriver.lambda$new$1(EventFiringWebDriver.java:107)
at jdk.proxy2/jdk.proxy2.$Proxy8.getScreenshotAs(Unknown Source)
at org.openqa.selenium.support.events.EventFiringWebDriver.getScreenshotAs(EventFiringWebDriver.java:302)
at com.gaurav.CommonUtils.TestUtils.takeScreenShot(TestUtils.java:58)
]]>
    </error>
  </testcase> <!-- closeSession -->
  <system-out/>
  <testcase classname="com.gaurav.testCases.SearchResultSelectionTest" name="filterByAirlinesCheckbox" time="20.599">
    <skipped/>
  </testcase> <!-- filterByAirlinesCheckbox -->
  <system-out/>
  <testcase classname="com.gaurav.testCases.SearchResultSelectionTest" name="filterByAirlinesCheckbox" time="20.397">
    <error message="Expected condition failed: waiting for title to be &quot;IndiGo&quot;. Current title: &quot;null&quot; (tried for 20 second(s) with 500 milliseconds interval)" type="org.openqa.selenium.TimeoutException">
      <![CDATA[org.openqa.selenium.TimeoutException: Expected condition failed: waiting for title to be "IndiGo". Current title: "null" (tried for 20 second(s) with 500 milliseconds interval)
at org.openqa.selenium.support.ui.WebDriverWait.timeoutException(WebDriverWait.java:95)
at org.openqa.selenium.support.ui.FluentWait.until(FluentWait.java:272)
at com.gaurav.PageObjects.SearchResults.filterByAirlines(SearchResults.java:54)
at com.gaurav.testCases.SearchResultSelectionTest.filterByAirlinesCheckbox(SearchResultSelectionTest.java:24)
at java.base/jdk.internal.reflect.NativeMethodAccessorImpl.invoke0(Native Method)
at java.base/jdk.internal.reflect.NativeMethodAccessorImpl.invoke(NativeMethodAccessorImpl.java:78)
at java.base/jdk.internal.reflect.DelegatingMethodAccessorImpl.invoke(DelegatingMethodAccessorImpl.java:43)
at java.base/java.lang.reflect.Method.invoke(Method.java:567)
at org.testng.internal.MethodInvocationHelper.invokeMethod(MethodInvocationHelper.java:133)
at org.testng.internal.TestInvoker.invokeMethod(TestInvoker.java:598)
at org.testng.internal.TestInvoker.retryFailed(TestInvoker.java:213)
at org.testng.internal.MethodRunner.runInSequence(MethodRunner.java:58)
at org.testng.internal.TestInvoker$MethodInvocationAgent.invoke(TestInvoker.java:824)
at org.testng.internal.TestInvoker.invokeTestMethods(TestInvoker.java:146)
at org.testng.internal.TestMethodWorker.invokeTestMethods(TestMethodWorker.java:146)
at org.testng.internal.TestMethodWorker.run(TestMethodWorker.java:128)
at java.base/java.util.ArrayList.forEach(ArrayList.java:1511)
at org.testng.TestRunner.privateRun(TestRunner.java:794)
at org.testng.TestRunner.run(TestRunner.java:596)
at org.testng.SuiteRunner.runTest(SuiteRunner.java:377)
at org.testng.SuiteRunner.runSequentially(SuiteRunner.java:371)
at org.testng.SuiteRunner.privateRun(SuiteRunner.java:332)
at org.testng.SuiteRunner.run(SuiteRunner.java:276)
at org.testng.SuiteRunnerWorker.runSuite(SuiteRunnerWorker.java:53)
at org.testng.SuiteRunnerWorker.run(SuiteRunnerWorker.java:96)
at org.testng.TestNG.runSuitesSequentially(TestNG.java:1212)
at org.testng.TestNG.runSuitesLocally(TestNG.java:1134)
at org.testng.TestNG.runSuites(TestNG.java:1063)
at org.testng.TestNG.run(TestNG.java:1031)
at org.apache.maven.surefire.testng.TestNGExecutor.run(TestNGExecutor.java:283)
at org.apache.maven.surefire.testng.TestNGXmlTestSuite.execute(TestNGXmlTestSuite.java:75)
at org.apache.maven.surefire.testng.TestNGProvider.invoke(TestNGProvider.java:120)
at org.apache.maven.surefire.booter.ForkedBooter.invokeProviderInSameClassLoader(ForkedBooter.java:384)
at org.apache.maven.surefire.booter.ForkedBooter.runSuitesInProcess(ForkedBooter.java:345)
at org.apache.maven.surefire.booter.ForkedBooter.execute(ForkedBooter.java:126)
at org.apache.maven.surefire.booter.ForkedBooter.main(ForkedBooter.java:418)
Caused by: org.openqa.selenium.NoSuchElementException: no such element: Unable to locate element: {"method":"xpath","selector":"//*[@id='root']/div/div[2]/div[2]/div/div[1]/div/div[1]/div/div[1]/div/label/div/span[2]/span"}
  (Session info: chrome=91.0.4472.114)
For documentation on this error, please visit: https://www.seleniumhq.org/exceptions/no_such_element.html
Build info: version: '3.141.59', revision: 'e82be7d358', time: '2018-11-14T08:17:03'
System info: host: 'Gauravs-MBP', ip: '192.168.1.148', os.name: 'Mac OS X', os.arch: 'x86_64', os.version: '10.15.7', java.version: '16.0.1'
Driver info: org.openqa.selenium.chrome.ChromeDriver
Capabilities {acceptInsecureCerts: false, browserName: chrome, browserVersion: 91.0.4472.114, chrome: {chromedriverVersion: 90.0.4430.24 (4c6d850f087da..., userDataDir: /var/folders/jv/qbx46m7563j...}, goog:chromeOptions: {debuggerAddress: localhost:57629}, javascriptEnabled: true, networkConnectionEnabled: false, pageLoadStrategy: normal, platform: MAC, platformName: MAC, proxy: Proxy(), setWindowRect: true, strictFileInteractability: false, timeouts: {implicit: 0, pageLoad: 300000, script: 30000}, unhandledPromptBehavior: dismiss and notify, webauthn:extension:largeBlob: true, webauthn:virtualAuthenticators: true}
Session ID: bd1292673a386edd3903588d61946b13
*** Element info: {Using=xpath, value=//*[@id='root']/div/div[2]/div[2]/div/div[1]/div/div[1]/div/div[1]/div/label/div/span[2]/span}
at jdk.internal.reflect.GeneratedConstructorAccessor12.newInstance(Unknown Source)
at java.base/jdk.internal.reflect.DelegatingConstructorAccessorImpl.newInstance(DelegatingConstructorAccessorImpl.java:45)
at java.base/java.lang.reflect.Constructor.newInstanceWithCaller(Constructor.java:499)
at java.base/java.lang.reflect.Constructor.newInstance(Constructor.java:480)
at org.openqa.selenium.remote.http.W3CHttpResponseCodec.createException(W3CHttpResponseCodec.java:187)
at org.openqa.selenium.remote.http.W3CHttpResponseCodec.decode(W3CHttpResponseCodec.java:122)
at org.openqa.selenium.remote.http.W3CHttpResponseCodec.decode(W3CHttpResponseCodec.java:49)
at org.openqa.selenium.remote.HttpCommandExecutor.execute(HttpCommandExecutor.java:158)
at org.openqa.selenium.remote.service.DriverCommandExecutor.execute(DriverCommandExecutor.java:83)
at org.openqa.selenium.remote.RemoteWebDriver.execute(RemoteWebDriver.java:552)
at org.openqa.selenium.remote.RemoteWebDriver.findElement(RemoteWebDriver.java:323)
at org.openqa.selenium.remote.RemoteWebDriver.findElementByXPath(RemoteWebDriver.java:428)
at org.openqa.selenium.By$ByXPath.findElement(By.java:353)
at org.openqa.selenium.remote.RemoteWebDriver.findElement(RemoteWebDriver.java:315)
at jdk.internal.reflect.GeneratedMethodAccessor2.invoke(Unknown Source)
at java.base/jdk.internal.reflect.DelegatingMethodAccessorImpl.invoke(DelegatingMethodAccessorImpl.java:43)
at java.base/java.lang.reflect.Method.invoke(Method.java:567)
at org.openqa.selenium.support.events.EventFiringWebDriver.lambda$new$1(EventFiringWebDriver.java:105)
at jdk.proxy2/jdk.proxy2.$Proxy8.findElement(Unknown Source)
at org.openqa.selenium.support.events.EventFiringWebDriver.findElement(EventFiringWebDriver.java:194)
at org.openqa.selenium.support.pagefactory.DefaultElementLocator.findElement(DefaultElementLocator.java:69)
at org.openqa.selenium.support.pagefactory.internal.LocatingElementHandler.invoke(LocatingElementHandler.java:38)
at jdk.proxy2/jdk.proxy2.$Proxy12.getAttribute(Unknown Source)
at org.openqa.selenium.support.ui.ExpectedConditions$37.apply(ExpectedConditions.java:1052)
at org.openqa.selenium.support.ui.ExpectedConditions$37.apply(ExpectedConditions.java:1047)
at org.openqa.selenium.support.ui.FluentWait.until(FluentWait.java:249)
... 34 more
]]>
    </error>
  </testcase> <!-- filterByAirlinesCheckbox -->
  <system-out/>
  <testcase classname="com.gaurav.testCases.SearchResultSelectionTest" name="selectEarlyFlight" time="1.921"/>
  <system-out/>
  <testcase classname="com.gaurav.testCases.SearchResultSelectionTest" name="bookFlightTicket" time="1.436"/>
  <system-out/>
</testsuite> <!-- com.gaurav.testCases.SearchResultSelectionTest -->
